============================================================================================== 
Warning! Mixing Conda and module environments may lead to corruption of the
user environment. 
We do not recommend users mixing those two environments unless absolutely
necessary. Note that 
SURF does not provide any support for Conda environment.
For more information, please refer to our software policy page:
https://servicedesk.surf.nl/wiki/display/WIKI/Software+policy+Snellius#SoftwarepolicySnellius-UseofAnacondaandMinicondaenvironmentsonSnellius 

Remember that many packages have already been installed on the system and can
be loaded using 
the 'module load <package__name>' command. If you are uncertain if a package is
already available 
on the system, please use 'module avail' or 'module spider' to search for it.
============================================================================================== 
wandb: Currently logged in as: jessewiers (jessewiers-university-of-amsterdam) to https://api.wandb.ai. Use `wandb login --relogin` to force relogin
wandb: Using wandb-core as the SDK backend.  Please refer to https://wandb.me/wandb-core for more information.
wandb: Tracking run with wandb version 0.19.6
wandb: Run data is saved locally in /gpfs/home4/jwiers/deeprisk/new_codebase/enf-min-jax-version-2/wandb/run-20250403_110635-mitu3laf
wandb: Run `wandb offline` to turn off syncing.
wandb: Syncing run 3d_z5_128l_64d
wandb: ⭐️ View project at https://wandb.ai/jessewiers-university-of-amsterdam/enf-min-bio-scratch-3d
wandb: 🚀 View run at https://wandb.ai/jessewiers-university-of-amsterdam/enf-min-bio-scratch-3d/runs/mitu3laf
INFO:2025-04-03 11:06:56,534:jax._src.xla_bridge:945: Unable to initialize backend 'rocm': module 'jaxlib.xla_extension' has no attribute 'GpuAllocatorConfig'
I0403 11:06:56.534993 22583649207360 xla_bridge.py:945] Unable to initialize backend 'rocm': module 'jaxlib.xla_extension' has no attribute 'GpuAllocatorConfig'
INFO:2025-04-03 11:06:56,536:jax._src.xla_bridge:945: Unable to initialize backend 'tpu': INTERNAL: Failed to open libtpu.so: libtpu.so: cannot open shared object file: No such file or directory
I0403 11:06:56.536188 22583649207360 xla_bridge.py:945] Unable to initialize backend 'tpu': INTERNAL: Failed to open libtpu.so: libtpu.so: cannot open shared object file: No such file or directory
2025-04-03 11:07:17.317349: W external/xla/xla/hlo/transforms/simplifiers/hlo_rematerialization.cc:3021] Can't reduce memory use below 28.14GiB (30210737317 bytes) by rematerialization; only reduced to 33.87GiB (36362822652 bytes), down from 34.57GiB (37124431788 bytes) originally
2025-04-03 11:07:34.808528: W external/xla/xla/tsl/framework/bfc_allocator.cc:501] Allocator (GPU_0_bfc) ran out of memory trying to allocate 34.08GiB (rounded to 36597899264)requested by op 
2025-04-03 11:07:34.808695: W external/xla/xla/tsl/framework/bfc_allocator.cc:512] *___________________________________________________________________________________________________
E0403 11:07:34.808722 2751019 pjrt_stream_executor_client.cc:3045] Execution of replica 0 failed: RESOURCE_EXHAUSTED: Out of memory while trying to allocate 36597899016 bytes. [tf-allocator-allocation-error='']
Using z_indices:  [0, 1, 2, 3, 4]
Biobank NIFTI: num_patients train = 50
Number of timesteps without all slices:  0
Number of datapoints: 2500
Using z_indices:  [0, 1, 2, 3, 4]
Biobank NIFTI: num_patients test = 10
Number of timesteps without all slices:  0
Number of datapoints: 500
Traceback (most recent call last):
  File "/gpfs/home4/jwiers/deeprisk/new_codebase/enf-min-jax-version-2/experiments/biobank_reconstruction_3d.py", line 252, in <module>
    app.run(main)
  File "/home/jwiers/.local/lib/python3.12/site-packages/absl/app.py", line 308, in run
    _run_main(main, args)
  File "/home/jwiers/.local/lib/python3.12/site-packages/absl/app.py", line 254, in _run_main
    sys.exit(main(argv))
             ^^^^^^^^^^
  File "/gpfs/home4/jwiers/deeprisk/new_codebase/enf-min-jax-version-2/experiments/biobank_reconstruction_3d.py", line 225, in main
    (loss, z), recon_enf_params, recon_enf_opt_state, key = recon_outer_step(
                                                            ^^^^^^^^^^^^^^^^^
jaxlib.xla_extension.XlaRuntimeError: RESOURCE_EXHAUSTED: Out of memory while trying to allocate 36597899016 bytes.
--------------------
For simplicity, JAX has removed its internal frames from the traceback of the following exception. Set JAX_TRACEBACK_FILTERING=off to include these.
[1;34mwandb[0m: 
[1;34mwandb[0m: 🚀 View run [33m3d_z5_128l_64d[0m at: [34mhttps://wandb.ai/jessewiers-university-of-amsterdam/enf-min-bio-scratch-3d/runs/mitu3laf[0m
[1;34mwandb[0m: Find logs at: [1;35mwandb/run-20250403_110635-mitu3laf/logs[0m
srun: error: gcn72: task 0: Exited with exit code 1
srun: Terminating StepId=10945197.0

JOB STATISTICS
==============
Job ID: 10945197
Cluster: snellius
User/Group: jwiers/jwiers
State: RUNNING
Nodes: 1
Cores per node: 18
CPU Utilized: 00:00:00
CPU Efficiency: 0.00% of 00:23:42 core-walltime
Job Wall-clock time: 00:01:19
Memory Utilized: 0.00 MB
Memory Efficiency: 0.00% of 120.00 GB (120.00 GB/node)
WARNING: Efficiency statistics can only be obtained after the job has ended as seff tool is based on the accounting database data.
