============================================================================================== 
Warning! Mixing Conda and module environments may lead to corruption of the
user environment. 
We do not recommend users mixing those two environments unless absolutely
necessary. Note that 
SURF does not provide any support for Conda environment.
For more information, please refer to our software policy page:
https://servicedesk.surf.nl/wiki/display/WIKI/Software+policy+Snellius#SoftwarepolicySnellius-UseofAnacondaandMinicondaenvironmentsonSnellius 

Remember that many packages have already been installed on the system and can
be loaded using 
the 'module load <package__name>' command. If you are uncertain if a package is
already available 
on the system, please use 'module avail' or 'module spider' to search for it.
============================================================================================== 
wandb: Currently logged in as: jessewiers (jessewiers-university-of-amsterdam). Use `wandb login --relogin` to force relogin
wandb: Using wandb-core as the SDK backend.  Please refer to https://wandb.me/wandb-core for more information.
wandb: Tracking run with wandb version 0.19.4
wandb: Run data is saved locally in /gpfs/home4/jwiers/deeprisk/new_codebase/enf-min-jax-version-2/wandb/run-20250404_152453-jy9749c4
wandb: Run `wandb offline` to turn off syncing.
wandb: Syncing run 3d_z2_512l_64d_uneven_sampling_high_precision_knearest_true
wandb: ⭐️ View project at https://wandb.ai/jessewiers-university-of-amsterdam/enf-min-bio-scratch-3d
wandb: 🚀 View run at https://wandb.ai/jessewiers-university-of-amsterdam/enf-min-bio-scratch-3d/runs/jy9749c4
INFO:2025-04-04 15:25:09,780:jax._src.xla_bridge:945: Unable to initialize backend 'rocm': module 'jaxlib.xla_extension' has no attribute 'GpuAllocatorConfig'
I0404 15:25:09.780964 23079748248064 xla_bridge.py:945] Unable to initialize backend 'rocm': module 'jaxlib.xla_extension' has no attribute 'GpuAllocatorConfig'
INFO:2025-04-04 15:25:09,783:jax._src.xla_bridge:945: Unable to initialize backend 'tpu': INTERNAL: Failed to open libtpu.so: libtpu.so: cannot open shared object file: No such file or directory
I0404 15:25:09.783786 23079748248064 xla_bridge.py:945] Unable to initialize backend 'tpu': INTERNAL: Failed to open libtpu.so: libtpu.so: cannot open shared object file: No such file or directory
I0404 15:26:00.332287 23079748248064 biobank_reconstruction_3d_new_loader_sampling.py:276] RECON ep 0 / step 200 || mse: 0.011703130789101124
I0404 15:26:34.603585 23079748248064 biobank_reconstruction_3d_new_loader_sampling.py:276] RECON ep 0 / step 400 || mse: 0.004417995922267437
I0404 15:27:08.877672 23079748248064 biobank_reconstruction_3d_new_loader_sampling.py:276] RECON ep 0 / step 600 || mse: 0.0030861760023981333
I0404 15:27:43.139238 23079748248064 biobank_reconstruction_3d_new_loader_sampling.py:276] RECON ep 1 / step 800 || mse: 0.0024421964772045612
I0404 15:28:17.393074 23079748248064 biobank_reconstruction_3d_new_loader_sampling.py:276] RECON ep 1 / step 1000 || mse: 0.002283407375216484
I0404 15:28:51.655829 23079748248064 biobank_reconstruction_3d_new_loader_sampling.py:276] RECON ep 1 / step 1200 || mse: 0.002004022244364023
I0404 15:29:25.942119 23079748248064 biobank_reconstruction_3d_new_loader_sampling.py:276] RECON ep 2 / step 1400 || mse: 0.0018805863801389933
I0404 15:30:00.250012 23079748248064 biobank_reconstruction_3d_new_loader_sampling.py:276] RECON ep 2 / step 1600 || mse: 0.0018065900076180696
I0404 15:30:34.559594 23079748248064 biobank_reconstruction_3d_new_loader_sampling.py:276] RECON ep 2 / step 1800 || mse: 0.0016724405577406287
I0404 15:31:08.835254 23079748248064 biobank_reconstruction_3d_new_loader_sampling.py:276] RECON ep 3 / step 2000 || mse: 0.0016172424657270312
I0404 15:31:43.082410 23079748248064 biobank_reconstruction_3d_new_loader_sampling.py:276] RECON ep 3 / step 2200 || mse: 0.001704431022517383
I0404 15:32:17.385417 23079748248064 biobank_reconstruction_3d_new_loader_sampling.py:276] RECON ep 3 / step 2400 || mse: 0.001371842110529542
I0404 15:32:51.677616 23079748248064 biobank_reconstruction_3d_new_loader_sampling.py:276] RECON ep 4 / step 2600 || mse: 0.0014534916263073683
I0404 15:33:25.968426 23079748248064 biobank_reconstruction_3d_new_loader_sampling.py:276] RECON ep 4 / step 2800 || mse: 0.0014830726431682706
I0404 15:34:00.267860 23079748248064 biobank_reconstruction_3d_new_loader_sampling.py:276] RECON ep 4 / step 3000 || mse: 0.0013051581336185336
I0404 15:34:34.559511 23079748248064 biobank_reconstruction_3d_new_loader_sampling.py:276] RECON ep 5 / step 3200 || mse: 0.0014276158763095737
I0404 15:35:08.861502 23079748248064 biobank_reconstruction_3d_new_loader_sampling.py:276] RECON ep 5 / step 3400 || mse: 0.0013572934549301863
I0404 15:35:43.171165 23079748248064 biobank_reconstruction_3d_new_loader_sampling.py:276] RECON ep 5 / step 3600 || mse: 0.0012865051394328475
I0404 15:36:17.424707 23079748248064 biobank_reconstruction_3d_new_loader_sampling.py:276] RECON ep 6 / step 3800 || mse: 0.0013776876730844378
I0404 15:36:51.973218 23079748248064 biobank_reconstruction_3d_new_loader_sampling.py:276] RECON ep 6 / step 4000 || mse: 0.0012943195179104805
I0404 15:37:26.238939 23079748248064 biobank_reconstruction_3d_new_loader_sampling.py:276] RECON ep 6 / step 4200 || mse: 0.00129226956050843
I0404 15:38:00.495708 23079748248064 biobank_reconstruction_3d_new_loader_sampling.py:276] RECON ep 7 / step 4400 || mse: 0.001203669817186892
I0404 15:38:34.760494 23079748248064 biobank_reconstruction_3d_new_loader_sampling.py:276] RECON ep 7 / step 4600 || mse: 0.0011980897979810834
I0404 15:39:09.032476 23079748248064 biobank_reconstruction_3d_new_loader_sampling.py:276] RECON ep 7 / step 4800 || mse: 0.0012803898425772786
I0404 15:39:43.314054 23079748248064 biobank_reconstruction_3d_new_loader_sampling.py:276] RECON ep 7 / step 5000 || mse: 0.0011300944024696946
I0404 15:40:17.610646 23079748248064 biobank_reconstruction_3d_new_loader_sampling.py:276] RECON ep 8 / step 5200 || mse: 0.0011043543927371502
I0404 15:40:51.911601 23079748248064 biobank_reconstruction_3d_new_loader_sampling.py:276] RECON ep 8 / step 5400 || mse: 0.001072636223398149
I0404 15:41:26.219906 23079748248064 biobank_reconstruction_3d_new_loader_sampling.py:276] RECON ep 8 / step 5600 || mse: 0.001144262496381998
I0404 15:42:00.517960 23079748248064 biobank_reconstruction_3d_new_loader_sampling.py:276] RECON ep 9 / step 5800 || mse: 0.0010376210557296872
I0404 15:42:34.822223 23079748248064 biobank_reconstruction_3d_new_loader_sampling.py:276] RECON ep 9 / step 6000 || mse: 0.0010419513564556837
I0404 15:43:09.129923 23079748248064 biobank_reconstruction_3d_new_loader_sampling.py:276] RECON ep 9 / step 6200 || mse: 0.00108047085814178
I0404 15:43:43.426990 23079748248064 biobank_reconstruction_3d_new_loader_sampling.py:276] RECON ep 10 / step 6400 || mse: 0.001008806866593659
I0404 15:44:17.737063 23079748248064 biobank_reconstruction_3d_new_loader_sampling.py:276] RECON ep 10 / step 6600 || mse: 0.001065565156750381
I0404 15:44:52.050982 23079748248064 biobank_reconstruction_3d_new_loader_sampling.py:276] RECON ep 10 / step 6800 || mse: 0.0009464875911362469
I0404 15:45:26.347604 23079748248064 biobank_reconstruction_3d_new_loader_sampling.py:276] RECON ep 11 / step 7000 || mse: 0.0009958037408068776
I0404 15:46:00.654829 23079748248064 biobank_reconstruction_3d_new_loader_sampling.py:276] RECON ep 11 / step 7200 || mse: 0.0010286830365657806
I0404 15:46:34.965797 23079748248064 biobank_reconstruction_3d_new_loader_sampling.py:276] RECON ep 11 / step 7400 || mse: 0.0010182600235566497
I0404 15:47:09.248930 23079748248064 biobank_reconstruction_3d_new_loader_sampling.py:276] RECON ep 12 / step 7600 || mse: 0.001003827783279121
I0404 15:47:43.829530 23079748248064 biobank_reconstruction_3d_new_loader_sampling.py:276] RECON ep 12 / step 7800 || mse: 0.0010050887940451503
I0404 15:48:18.132833 23079748248064 biobank_reconstruction_3d_new_loader_sampling.py:276] RECON ep 12 / step 8000 || mse: 0.000967144500464201
I0404 15:48:52.417244 23079748248064 biobank_reconstruction_3d_new_loader_sampling.py:276] RECON ep 13 / step 8200 || mse: 0.0009847338078543544
I0404 15:49:26.670807 23079748248064 biobank_reconstruction_3d_new_loader_sampling.py:276] RECON ep 13 / step 8400 || mse: 0.0009674152242951095
I0404 15:50:00.928156 23079748248064 biobank_reconstruction_3d_new_loader_sampling.py:276] RECON ep 13 / step 8600 || mse: 0.0009488260257057846
I0404 15:50:35.173699 23079748248064 biobank_reconstruction_3d_new_loader_sampling.py:276] RECON ep 14 / step 8800 || mse: 0.0009591548005118966
I0404 15:51:09.419191 23079748248064 biobank_reconstruction_3d_new_loader_sampling.py:276] RECON ep 14 / step 9000 || mse: 0.0009364986908622086
I0404 15:51:43.665955 23079748248064 biobank_reconstruction_3d_new_loader_sampling.py:276] RECON ep 14 / step 9200 || mse: 0.0009070896776393056
I0404 15:52:17.897966 23079748248064 biobank_reconstruction_3d_new_loader_sampling.py:276] RECON ep 15 / step 9400 || mse: 0.000920361781027168
I0404 15:52:52.137656 23079748248064 biobank_reconstruction_3d_new_loader_sampling.py:276] RECON ep 15 / step 9600 || mse: 0.0009660100913606584
I0404 15:53:26.382069 23079748248064 biobank_reconstruction_3d_new_loader_sampling.py:276] RECON ep 15 / step 9800 || mse: 0.0008949607727117836
I0404 15:54:00.631121 23079748248064 biobank_reconstruction_3d_new_loader_sampling.py:276] RECON ep 15 / step 10000 || mse: 0.0008621616289019585
I0404 15:54:34.871852 23079748248064 biobank_reconstruction_3d_new_loader_sampling.py:276] RECON ep 16 / step 10200 || mse: 0.0008848341531120241
I0404 15:55:09.117218 23079748248064 biobank_reconstruction_3d_new_loader_sampling.py:276] RECON ep 16 / step 10400 || mse: 0.0008642924367450178
I0404 15:55:43.365024 23079748248064 biobank_reconstruction_3d_new_loader_sampling.py:276] RECON ep 16 / step 10600 || mse: 0.00087418855400756
I0404 15:56:17.604376 23079748248064 biobank_reconstruction_3d_new_loader_sampling.py:276] RECON ep 17 / step 10800 || mse: 0.0008127470500767231
I0404 15:56:51.902828 23079748248064 biobank_reconstruction_3d_new_loader_sampling.py:276] RECON ep 17 / step 11000 || mse: 0.000798479188233614
I0404 15:57:26.210112 23079748248064 biobank_reconstruction_3d_new_loader_sampling.py:276] RECON ep 17 / step 11200 || mse: 0.0007515840115956962
I0404 15:58:00.490394 23079748248064 biobank_reconstruction_3d_new_loader_sampling.py:276] RECON ep 18 / step 11400 || mse: 0.0006987769738771021
I0404 15:58:35.100359 23079748248064 biobank_reconstruction_3d_new_loader_sampling.py:276] RECON ep 18 / step 11600 || mse: 0.0006980741745792329
I0404 15:59:09.413633 23079748248064 biobank_reconstruction_3d_new_loader_sampling.py:276] RECON ep 18 / step 11800 || mse: 0.0007174595375545323
I0404 15:59:43.680054 23079748248064 biobank_reconstruction_3d_new_loader_sampling.py:276] RECON ep 19 / step 12000 || mse: 0.0007144614937715232
I0404 16:00:17.980878 23079748248064 biobank_reconstruction_3d_new_loader_sampling.py:276] RECON ep 19 / step 12200 || mse: 0.0007221426349133253
I0404 16:00:52.292366 23079748248064 biobank_reconstruction_3d_new_loader_sampling.py:276] RECON ep 19 / step 12400 || mse: 0.0012941394234076142
I0404 16:01:26.588903 23079748248064 biobank_reconstruction_3d_new_loader_sampling.py:276] RECON ep 20 / step 12600 || mse: 0.0010107768466696143
I0404 16:02:00.893169 23079748248064 biobank_reconstruction_3d_new_loader_sampling.py:276] RECON ep 20 / step 12800 || mse: 0.0008848076686263084
I0404 16:02:35.205605 23079748248064 biobank_reconstruction_3d_new_loader_sampling.py:276] RECON ep 20 / step 13000 || mse: 0.0008005945128388703
I0404 16:03:09.499265 23079748248064 biobank_reconstruction_3d_new_loader_sampling.py:276] RECON ep 21 / step 13200 || mse: 0.0007842992781661451
I0404 16:03:43.808111 23079748248064 biobank_reconstruction_3d_new_loader_sampling.py:276] RECON ep 21 / step 13400 || mse: 0.0007656004163436592
I0404 16:04:18.119707 23079748248064 biobank_reconstruction_3d_new_loader_sampling.py:276] RECON ep 21 / step 13600 || mse: 0.0007463825750164688
I0404 16:04:52.405825 23079748248064 biobank_reconstruction_3d_new_loader_sampling.py:276] RECON ep 22 / step 13800 || mse: 0.0008086233283393085
I0404 16:05:26.707615 23079748248064 biobank_reconstruction_3d_new_loader_sampling.py:276] RECON ep 22 / step 14000 || mse: 0.000732463609892875
I0404 16:06:01.021101 23079748248064 biobank_reconstruction_3d_new_loader_sampling.py:276] RECON ep 22 / step 14200 || mse: 0.0008581915753893554
I0404 16:06:35.320523 23079748248064 biobank_reconstruction_3d_new_loader_sampling.py:276] RECON ep 23 / step 14400 || mse: 0.0007474922458641231
I0404 16:07:09.621263 23079748248064 biobank_reconstruction_3d_new_loader_sampling.py:276] RECON ep 23 / step 14600 || mse: 0.0007153687765821815
I0404 16:07:43.930590 23079748248064 biobank_reconstruction_3d_new_loader_sampling.py:276] RECON ep 23 / step 14800 || mse: 0.0007006360101513565
I0404 16:08:18.246730 23079748248064 biobank_reconstruction_3d_new_loader_sampling.py:276] RECON ep 23 / step 15000 || mse: 0.0006861070287413895
I0404 16:08:52.520259 23079748248064 biobank_reconstruction_3d_new_loader_sampling.py:276] RECON ep 24 / step 15200 || mse: 0.0006840758724138141
I0404 16:09:26.821458 23079748248064 biobank_reconstruction_3d_new_loader_sampling.py:276] RECON ep 24 / step 15400 || mse: 0.0006975969881750643
I0404 16:10:01.427013 23079748248064 biobank_reconstruction_3d_new_loader_sampling.py:276] RECON ep 24 / step 15600 || mse: 0.0006891602533869445
I0404 16:10:35.694584 23079748248064 biobank_reconstruction_3d_new_loader_sampling.py:276] RECON ep 25 / step 15800 || mse: 0.0006518777809105814
I0404 16:11:09.971013 23079748248064 biobank_reconstruction_3d_new_loader_sampling.py:276] RECON ep 25 / step 16000 || mse: 0.0006890296936035156
I0404 16:11:44.254133 23079748248064 biobank_reconstruction_3d_new_loader_sampling.py:276] RECON ep 25 / step 16200 || mse: 0.0006377506069839001
I0404 16:12:18.542619 23079748248064 biobank_reconstruction_3d_new_loader_sampling.py:276] RECON ep 26 / step 16400 || mse: 0.0006381268030963838
I0404 16:12:52.850304 23079748248064 biobank_reconstruction_3d_new_loader_sampling.py:276] RECON ep 26 / step 16600 || mse: 0.0006807235185988247
I0404 16:13:27.162312 23079748248064 biobank_reconstruction_3d_new_loader_sampling.py:276] RECON ep 26 / step 16800 || mse: 0.0006071956595405936
I0404 16:14:01.460605 23079748248064 biobank_reconstruction_3d_new_loader_sampling.py:276] RECON ep 27 / step 17000 || mse: 0.0006363787106238306
I0404 16:14:35.782939 23079748248064 biobank_reconstruction_3d_new_loader_sampling.py:276] RECON ep 27 / step 17200 || mse: 0.000574171484913677
I0404 16:15:10.096195 23079748248064 biobank_reconstruction_3d_new_loader_sampling.py:276] RECON ep 27 / step 17400 || mse: 0.0006607251125387847
I0404 16:15:44.393042 23079748248064 biobank_reconstruction_3d_new_loader_sampling.py:276] RECON ep 28 / step 17600 || mse: 0.0006330937030725181
I0404 16:16:18.671536 23079748248064 biobank_reconstruction_3d_new_loader_sampling.py:276] RECON ep 28 / step 17800 || mse: 0.000645799096673727
I0404 16:16:52.927652 23079748248064 biobank_reconstruction_3d_new_loader_sampling.py:276] RECON ep 28 / step 18000 || mse: 0.0006249909056350589
I0404 16:17:27.170055 23079748248064 biobank_reconstruction_3d_new_loader_sampling.py:276] RECON ep 29 / step 18200 || mse: 0.0570022352039814
I0404 16:18:01.424228 23079748248064 biobank_reconstruction_3d_new_loader_sampling.py:276] RECON ep 29 / step 18400 || mse: 0.008811095729470253
I0404 16:18:35.685332 23079748248064 biobank_reconstruction_3d_new_loader_sampling.py:276] RECON ep 29 / step 18600 || mse: 0.004766595084220171
I0404 16:19:09.939820 23079748248064 biobank_reconstruction_3d_new_loader_sampling.py:276] RECON ep 30 / step 18800 || mse: 0.0036876313388347626
I0404 16:19:44.222643 23079748248064 biobank_reconstruction_3d_new_loader_sampling.py:276] RECON ep 30 / step 19000 || mse: 0.003049483522772789
I0404 16:20:18.506116 23079748248064 biobank_reconstruction_3d_new_loader_sampling.py:276] RECON ep 30 / step 19200 || mse: 0.0027283038944005966
I0404 16:20:53.089636 23079748248064 biobank_reconstruction_3d_new_loader_sampling.py:276] RECON ep 31 / step 19400 || mse: 0.002401688601821661
I0404 16:21:27.379077 23079748248064 biobank_reconstruction_3d_new_loader_sampling.py:276] RECON ep 31 / step 19600 || mse: 0.0021206836681813
I0404 16:22:01.680032 23079748248064 biobank_reconstruction_3d_new_loader_sampling.py:276] RECON ep 31 / step 19800 || mse: 0.0019692822825163603
I0404 16:22:35.984456 23079748248064 biobank_reconstruction_3d_new_loader_sampling.py:276] RECON ep 31 / step 20000 || mse: 0.001769373076967895
I0404 16:23:10.275128 23079748248064 biobank_reconstruction_3d_new_loader_sampling.py:276] RECON ep 32 / step 20200 || mse: 0.001743244007229805
I0404 16:23:44.552942 23079748248064 biobank_reconstruction_3d_new_loader_sampling.py:276] RECON ep 32 / step 20400 || mse: 0.0016331460792571306
I0404 16:24:18.871372 23079748248064 biobank_reconstruction_3d_new_loader_sampling.py:276] RECON ep 32 / step 20600 || mse: 0.0015515027334913611
I0404 16:24:53.140923 23079748248064 biobank_reconstruction_3d_new_loader_sampling.py:276] RECON ep 33 / step 20800 || mse: 0.0014312731800600886
I0404 16:25:27.418558 23079748248064 biobank_reconstruction_3d_new_loader_sampling.py:276] RECON ep 33 / step 21000 || mse: 0.0014947153395041823
I0404 16:26:01.698130 23079748248064 biobank_reconstruction_3d_new_loader_sampling.py:276] RECON ep 33 / step 21200 || mse: 0.001423062407411635
I0404 16:26:35.990201 23079748248064 biobank_reconstruction_3d_new_loader_sampling.py:276] RECON ep 34 / step 21400 || mse: 0.0014211591333150864
I0404 16:27:10.288746 23079748248064 biobank_reconstruction_3d_new_loader_sampling.py:276] RECON ep 34 / step 21600 || mse: 0.0011760316556319594
I0404 16:27:44.562074 23079748248064 biobank_reconstruction_3d_new_loader_sampling.py:276] RECON ep 34 / step 21800 || mse: 0.001240370562300086
I0404 16:28:18.848645 23079748248064 biobank_reconstruction_3d_new_loader_sampling.py:276] RECON ep 35 / step 22000 || mse: 0.0013528440613299608
I0404 16:28:53.152796 23079748248064 biobank_reconstruction_3d_new_loader_sampling.py:276] RECON ep 35 / step 22200 || mse: 0.0011257625883445144
I0404 16:29:27.468120 23079748248064 biobank_reconstruction_3d_new_loader_sampling.py:276] RECON ep 35 / step 22400 || mse: 0.0012450276408344507
I0404 16:30:01.762869 23079748248064 biobank_reconstruction_3d_new_loader_sampling.py:276] RECON ep 36 / step 22600 || mse: 0.0011001499369740486
I0404 16:30:36.074968 23079748248064 biobank_reconstruction_3d_new_loader_sampling.py:276] RECON ep 36 / step 22800 || mse: 0.0011179186403751373
I0404 16:31:10.389573 23079748248064 biobank_reconstruction_3d_new_loader_sampling.py:276] RECON ep 36 / step 23000 || mse: 0.0009942458709701896
I0404 16:31:44.958812 23079748248064 biobank_reconstruction_3d_new_loader_sampling.py:276] RECON ep 37 / step 23200 || mse: 0.000987865263596177
I0404 16:32:19.227822 23079748248064 biobank_reconstruction_3d_new_loader_sampling.py:276] RECON ep 37 / step 23400 || mse: 0.0010875910520553589
I0404 16:32:53.500825 23079748248064 biobank_reconstruction_3d_new_loader_sampling.py:276] RECON ep 37 / step 23600 || mse: 0.0010267862817272544
I0404 16:33:27.765914 23079748248064 biobank_reconstruction_3d_new_loader_sampling.py:276] RECON ep 38 / step 23800 || mse: 0.0010137127246707678
I0404 16:34:02.034935 23079748248064 biobank_reconstruction_3d_new_loader_sampling.py:276] RECON ep 38 / step 24000 || mse: 0.0009433949599042535
I0404 16:34:36.306630 23079748248064 biobank_reconstruction_3d_new_loader_sampling.py:276] RECON ep 38 / step 24200 || mse: 0.0008557121618650854
I0404 16:35:10.588823 23079748248064 biobank_reconstruction_3d_new_loader_sampling.py:276] RECON ep 39 / step 24400 || mse: 0.0007860652403905988
I0404 16:35:44.854566 23079748248064 biobank_reconstruction_3d_new_loader_sampling.py:276] RECON ep 39 / step 24600 || mse: 0.0009157377644442022
I0404 16:36:19.128664 23079748248064 biobank_reconstruction_3d_new_loader_sampling.py:276] RECON ep 39 / step 24800 || mse: 0.0008170662331394851
I0404 16:36:53.403627 23079748248064 biobank_reconstruction_3d_new_loader_sampling.py:276] RECON ep 39 / step 25000 || mse: 0.0007882762001827359
I0404 16:37:27.702517 23079748248064 biobank_reconstruction_3d_new_loader_sampling.py:276] RECON ep 40 / step 25200 || mse: 0.0008078631362877786
I0404 16:38:02.009684 23079748248064 biobank_reconstruction_3d_new_loader_sampling.py:276] RECON ep 40 / step 25400 || mse: 0.000825382478069514
I0404 16:38:36.322940 23079748248064 biobank_reconstruction_3d_new_loader_sampling.py:276] RECON ep 40 / step 25600 || mse: 0.0007553559262305498
I0404 16:39:10.621830 23079748248064 biobank_reconstruction_3d_new_loader_sampling.py:276] RECON ep 41 / step 25800 || mse: 0.0007335076807066798
I0404 16:39:44.927104 23079748248064 biobank_reconstruction_3d_new_loader_sampling.py:276] RECON ep 41 / step 26000 || mse: 0.0007896008319221437
I0404 16:40:19.239227 23079748248064 biobank_reconstruction_3d_new_loader_sampling.py:276] RECON ep 41 / step 26200 || mse: 0.0007751676603220403
I0404 16:40:53.499448 23079748248064 biobank_reconstruction_3d_new_loader_sampling.py:276] RECON ep 42 / step 26400 || mse: 0.000721354503184557
I0404 16:41:27.749418 23079748248064 biobank_reconstruction_3d_new_loader_sampling.py:276] RECON ep 42 / step 26600 || mse: 0.0007123136310838163
I0404 16:42:02.000089 23079748248064 biobank_reconstruction_3d_new_loader_sampling.py:276] RECON ep 42 / step 26800 || mse: 0.0006796767120249569
I0404 16:42:36.593917 23079748248064 biobank_reconstruction_3d_new_loader_sampling.py:276] RECON ep 43 / step 27000 || mse: 0.00071399484295398
I0404 16:43:10.896271 23079748248064 biobank_reconstruction_3d_new_loader_sampling.py:276] RECON ep 43 / step 27200 || mse: 0.0006377097452059388
I0404 16:43:45.203620 23079748248064 biobank_reconstruction_3d_new_loader_sampling.py:276] RECON ep 43 / step 27400 || mse: 0.0006441035657189786
I0404 16:44:19.495174 23079748248064 biobank_reconstruction_3d_new_loader_sampling.py:276] RECON ep 44 / step 27600 || mse: 0.0006804935401305556
I0404 16:44:53.769071 23079748248064 biobank_reconstruction_3d_new_loader_sampling.py:276] RECON ep 44 / step 27800 || mse: 0.0006676055490970612
I0404 16:45:28.050919 23079748248064 biobank_reconstruction_3d_new_loader_sampling.py:276] RECON ep 44 / step 28000 || mse: 0.0006513735861517489
I0404 16:46:02.308624 23079748248064 biobank_reconstruction_3d_new_loader_sampling.py:276] RECON ep 45 / step 28200 || mse: 0.0006230977014638484
I0404 16:46:36.578258 23079748248064 biobank_reconstruction_3d_new_loader_sampling.py:276] RECON ep 45 / step 28400 || mse: 0.0006123401108197868
I0404 16:47:10.868505 23079748248064 biobank_reconstruction_3d_new_loader_sampling.py:276] RECON ep 45 / step 28600 || mse: 0.0005985215539112687
I0404 16:47:45.157639 23079748248064 biobank_reconstruction_3d_new_loader_sampling.py:276] RECON ep 46 / step 28800 || mse: 0.0006736016948707402
I0404 16:48:19.446078 23079748248064 biobank_reconstruction_3d_new_loader_sampling.py:276] RECON ep 46 / step 29000 || mse: 0.0005786714609712362
I0404 16:48:53.730277 23079748248064 biobank_reconstruction_3d_new_loader_sampling.py:276] RECON ep 46 / step 29200 || mse: 0.0005915356450714171
I0404 16:49:27.998108 23079748248064 biobank_reconstruction_3d_new_loader_sampling.py:276] RECON ep 47 / step 29400 || mse: 0.0006117182201705873
I0404 16:50:02.239809 23079748248064 biobank_reconstruction_3d_new_loader_sampling.py:276] RECON ep 47 / step 29600 || mse: 0.000578816223423928
I0404 16:50:36.492481 23079748248064 biobank_reconstruction_3d_new_loader_sampling.py:276] RECON ep 47 / step 29800 || mse: 0.0006376733654178679
I0404 16:51:10.756101 23079748248064 biobank_reconstruction_3d_new_loader_sampling.py:276] RECON ep 47 / step 30000 || mse: 0.0006115905707702041
I0404 16:51:45.024940 23079748248064 biobank_reconstruction_3d_new_loader_sampling.py:276] RECON ep 48 / step 30200 || mse: 0.0005795055767521262
I0404 16:52:19.293687 23079748248064 biobank_reconstruction_3d_new_loader_sampling.py:276] RECON ep 48 / step 30400 || mse: 0.0005600742297247052
I0404 16:52:53.571229 23079748248064 biobank_reconstruction_3d_new_loader_sampling.py:276] RECON ep 48 / step 30600 || mse: 0.0006483834586106241
I0404 16:53:27.837539 23079748248064 biobank_reconstruction_3d_new_loader_sampling.py:276] RECON ep 49 / step 30800 || mse: 4.093957424163818
I0404 16:54:02.393184 23079748248064 biobank_reconstruction_3d_new_loader_sampling.py:276] RECON ep 49 / step 31000 || mse: 0.1977943480014801
I0404 16:54:36.650949 23079748248064 biobank_reconstruction_3d_new_loader_sampling.py:276] RECON ep 49 / step 31200 || mse: 0.14131379127502441
srun: Job step aborted: Waiting up to 32 seconds for job step to finish.
slurmstepd: error: *** JOB 10979190 ON gcn135 CANCELLED AT 2025-04-04T16:54:41 DUE TO TIME LIMIT ***
slurmstepd: error: *** STEP 10979190.0 ON gcn135 CANCELLED AT 2025-04-04T16:54:41 DUE TO TIME LIMIT ***

JOB STATISTICS
==============
Job ID: 10979190
Cluster: snellius
User/Group: jwiers/jwiers
State: TIMEOUT (exit code 0)
Nodes: 1
Cores per node: 16
CPU Utilized: 00:03:04
CPU Efficiency: 0.21% of 1-00:01:52 core-walltime
Job Wall-clock time: 01:30:07
Memory Utilized: 4.83 GB
Memory Efficiency: 2.68% of 180.00 GB (180.00 GB/node)
