============================================================================================== 
Warning! Mixing Conda and module environments may lead to corruption of the
user environment. 
We do not recommend users mixing those two environments unless absolutely
necessary. Note that 
SURF does not provide any support for Conda environment.
For more information, please refer to our software policy page:
https://servicedesk.surf.nl/wiki/display/WIKI/Software+policy+Snellius#SoftwarepolicySnellius-UseofAnacondaandMinicondaenvironmentsonSnellius 

Remember that many packages have already been installed on the system and can
be loaded using 
the 'module load <package__name>' command. If you are uncertain if a package is
already available 
on the system, please use 'module avail' or 'module spider' to search for it.
============================================================================================== 
wandb: Currently logged in as: jessewiers (jessewiers-university-of-amsterdam). Use `wandb login --relogin` to force relogin
wandb: Using wandb-core as the SDK backend.  Please refer to https://wandb.me/wandb-core for more information.
wandb: Tracking run with wandb version 0.19.4
wandb: Run data is saved locally in /gpfs/home4/jwiers/deeprisk/new_codebase/enf-min-jax-version-2/wandb/run-20250404_113741-kp3jzwhu
wandb: Run `wandb offline` to turn off syncing.
wandb: Syncing run 3d_z2_512l_64d_high_precision
wandb: ⭐️ View project at https://wandb.ai/jessewiers-university-of-amsterdam/enf-min-bio-scratch-3d
wandb: 🚀 View run at https://wandb.ai/jessewiers-university-of-amsterdam/enf-min-bio-scratch-3d/runs/kp3jzwhu
INFO:2025-04-04 11:37:58,089:jax._src.xla_bridge:945: Unable to initialize backend 'rocm': module 'jaxlib.xla_extension' has no attribute 'GpuAllocatorConfig'
I0404 11:37:58.089534 22562697867776 xla_bridge.py:945] Unable to initialize backend 'rocm': module 'jaxlib.xla_extension' has no attribute 'GpuAllocatorConfig'
INFO:2025-04-04 11:37:58,104:jax._src.xla_bridge:945: Unable to initialize backend 'tpu': INTERNAL: Failed to open libtpu.so: libtpu.so: cannot open shared object file: No such file or directory
I0404 11:37:58.104740 22562697867776 xla_bridge.py:945] Unable to initialize backend 'tpu': INTERNAL: Failed to open libtpu.so: libtpu.so: cannot open shared object file: No such file or directory
I0404 11:38:40.674768 22562697867776 biobank_reconstruction_3d.py:247] RECON ep 0 / step 100 || mse: 0.04624471068382263
I0404 11:39:08.286793 22562697867776 biobank_reconstruction_3d.py:247] RECON ep 0 / step 200 || mse: 0.04422120377421379
I0404 11:39:36.605197 22562697867776 biobank_reconstruction_3d.py:247] RECON ep 0 / step 300 || mse: 0.045941781252622604
I0404 11:40:05.048179 22562697867776 biobank_reconstruction_3d.py:247] RECON ep 0 / step 400 || mse: 0.044773660600185394
I0404 11:40:32.795870 22562697867776 biobank_reconstruction_3d.py:247] RECON ep 0 / step 500 || mse: 0.0429200679063797
I0404 11:41:01.123205 22562697867776 biobank_reconstruction_3d.py:247] RECON ep 0 / step 600 || mse: 0.03729531168937683
srun: Job step aborted: Waiting up to 32 seconds for job step to finish.
slurmstepd: error: *** JOB 10973817 ON gcn135 CANCELLED AT 2025-04-04T11:41:08 ***
slurmstepd: error: *** STEP 10973817.0 ON gcn135 CANCELLED AT 2025-04-04T11:41:08 ***

JOB STATISTICS
==============
Job ID: 10973817
Cluster: snellius
User/Group: jwiers/jwiers
State: CANCELLED (exit code 0)
Nodes: 1
Cores per node: 16
CPU Utilized: 00:03:18
CPU Efficiency: 5.48% of 01:00:16 core-walltime
Job Wall-clock time: 00:03:46
Memory Utilized: 5.75 GB
Memory Efficiency: 3.19% of 180.00 GB (180.00 GB/node)
