============================================================================================== 
Warning! Mixing Conda and module environments may lead to corruption of the
user environment. 
We do not recommend users mixing those two environments unless absolutely
necessary. Note that 
SURF does not provide any support for Conda environment.
For more information, please refer to our software policy page:
https://servicedesk.surf.nl/wiki/display/WIKI/Software+policy+Snellius#SoftwarepolicySnellius-UseofAnacondaandMinicondaenvironmentsonSnellius 

Remember that many packages have already been installed on the system and can
be loaded using 
the 'module load <package__name>' command. If you are uncertain if a package is
already available 
on the system, please use 'module avail' or 'module spider' to search for it.
============================================================================================== 
wandb: Currently logged in as: jessewiers (jessewiers-university-of-amsterdam). Use `wandb login --relogin` to force relogin
wandb: Using wandb-core as the SDK backend.  Please refer to https://wandb.me/wandb-core for more information.
wandb: Tracking run with wandb version 0.19.4
wandb: Run data is saved locally in /gpfs/home4/jwiers/deeprisk/new_codebase/enf-min-jax-version-2/wandb/run-20250404_152213-azygbihn
wandb: Run `wandb offline` to turn off syncing.
wandb: Syncing run 3d_z2_512l_64d_uneven_sampling_high_precision_knearest_false
wandb: ⭐️ View project at https://wandb.ai/jessewiers-university-of-amsterdam/enf-min-bio-scratch-3d
wandb: 🚀 View run at https://wandb.ai/jessewiers-university-of-amsterdam/enf-min-bio-scratch-3d/runs/azygbihn
INFO:2025-04-04 15:22:30,072:jax._src.xla_bridge:945: Unable to initialize backend 'rocm': module 'jaxlib.xla_extension' has no attribute 'GpuAllocatorConfig'
I0404 15:22:30.072020 23289204158976 xla_bridge.py:945] Unable to initialize backend 'rocm': module 'jaxlib.xla_extension' has no attribute 'GpuAllocatorConfig'
INFO:2025-04-04 15:22:30,083:jax._src.xla_bridge:945: Unable to initialize backend 'tpu': INTERNAL: Failed to open libtpu.so: libtpu.so: cannot open shared object file: No such file or directory
I0404 15:22:30.083709 23289204158976 xla_bridge.py:945] Unable to initialize backend 'tpu': INTERNAL: Failed to open libtpu.so: libtpu.so: cannot open shared object file: No such file or directory
I0404 15:23:17.014977 23289204158976 biobank_reconstruction_3d_new_loader_sampling.py:276] RECON ep 0 / step 200 || mse: 0.00847715511918068
I0404 15:23:48.510735 23289204158976 biobank_reconstruction_3d_new_loader_sampling.py:276] RECON ep 0 / step 400 || mse: 0.003845028579235077
I0404 15:24:19.991519 23289204158976 biobank_reconstruction_3d_new_loader_sampling.py:276] RECON ep 0 / step 600 || mse: 0.003011203370988369
I0404 15:24:51.661227 23289204158976 biobank_reconstruction_3d_new_loader_sampling.py:276] RECON ep 1 / step 800 || mse: 0.002494621789082885
I0404 15:25:23.166780 23289204158976 biobank_reconstruction_3d_new_loader_sampling.py:276] RECON ep 1 / step 1000 || mse: 0.002393584232777357
I0404 15:25:54.677873 23289204158976 biobank_reconstruction_3d_new_loader_sampling.py:276] RECON ep 1 / step 1200 || mse: 0.002139875665307045
I0404 15:26:26.149938 23289204158976 biobank_reconstruction_3d_new_loader_sampling.py:276] RECON ep 2 / step 1400 || mse: 0.0020613307133316994
I0404 15:26:57.624647 23289204158976 biobank_reconstruction_3d_new_loader_sampling.py:276] RECON ep 2 / step 1600 || mse: 0.001991536235436797
I0404 15:27:29.105581 23289204158976 biobank_reconstruction_3d_new_loader_sampling.py:276] RECON ep 2 / step 1800 || mse: 0.001878333860076964
I0404 15:28:00.591031 23289204158976 biobank_reconstruction_3d_new_loader_sampling.py:276] RECON ep 3 / step 2000 || mse: 0.001845167949795723
I0404 15:28:32.038706 23289204158976 biobank_reconstruction_3d_new_loader_sampling.py:276] RECON ep 3 / step 2200 || mse: 0.001950499601662159
I0404 15:29:03.549986 23289204158976 biobank_reconstruction_3d_new_loader_sampling.py:276] RECON ep 3 / step 2400 || mse: 0.0015800638357177377
I0404 15:29:35.047203 23289204158976 biobank_reconstruction_3d_new_loader_sampling.py:276] RECON ep 4 / step 2600 || mse: 0.0016993075842037797
I0404 15:30:06.490154 23289204158976 biobank_reconstruction_3d_new_loader_sampling.py:276] RECON ep 4 / step 2800 || mse: 0.0017131069907918572
I0404 15:30:37.941266 23289204158976 biobank_reconstruction_3d_new_loader_sampling.py:276] RECON ep 4 / step 3000 || mse: 0.0015222391812130809
I0404 15:31:09.401956 23289204158976 biobank_reconstruction_3d_new_loader_sampling.py:276] RECON ep 5 / step 3200 || mse: 0.0016993880271911621
I0404 15:31:40.904890 23289204158976 biobank_reconstruction_3d_new_loader_sampling.py:276] RECON ep 5 / step 3400 || mse: 0.0015934634720906615
I0404 15:32:12.422067 23289204158976 biobank_reconstruction_3d_new_loader_sampling.py:276] RECON ep 5 / step 3600 || mse: 0.0015291670570150018
I0404 15:32:43.920933 23289204158976 biobank_reconstruction_3d_new_loader_sampling.py:276] RECON ep 6 / step 3800 || mse: 0.0016505768289789557
I0404 15:33:15.391347 23289204158976 biobank_reconstruction_3d_new_loader_sampling.py:276] RECON ep 6 / step 4000 || mse: 0.0015570546966046095
I0404 15:33:46.865147 23289204158976 biobank_reconstruction_3d_new_loader_sampling.py:276] RECON ep 6 / step 4200 || mse: 0.0015641524223610759
I0404 15:34:18.328010 23289204158976 biobank_reconstruction_3d_new_loader_sampling.py:276] RECON ep 7 / step 4400 || mse: 0.0014660852029919624
I0404 15:34:49.770369 23289204158976 biobank_reconstruction_3d_new_loader_sampling.py:276] RECON ep 7 / step 4600 || mse: 0.0014409881550818682
I0404 15:35:21.504548 23289204158976 biobank_reconstruction_3d_new_loader_sampling.py:276] RECON ep 7 / step 4800 || mse: 0.0016271919012069702
I0404 15:35:52.963544 23289204158976 biobank_reconstruction_3d_new_loader_sampling.py:276] RECON ep 7 / step 5000 || mse: 0.0013745687901973724
I0404 15:36:24.430934 23289204158976 biobank_reconstruction_3d_new_loader_sampling.py:276] RECON ep 8 / step 5200 || mse: 0.0013666163431480527
I0404 15:36:55.900023 23289204158976 biobank_reconstruction_3d_new_loader_sampling.py:276] RECON ep 8 / step 5400 || mse: 0.0013154310872778296
I0404 15:37:27.377685 23289204158976 biobank_reconstruction_3d_new_loader_sampling.py:276] RECON ep 8 / step 5600 || mse: 0.0014200137229636312
I0404 15:37:58.867466 23289204158976 biobank_reconstruction_3d_new_loader_sampling.py:276] RECON ep 9 / step 5800 || mse: 0.0012920907465741038
I0404 15:38:30.372338 23289204158976 biobank_reconstruction_3d_new_loader_sampling.py:276] RECON ep 9 / step 6000 || mse: 0.0013217555824667215
I0404 15:39:01.880574 23289204158976 biobank_reconstruction_3d_new_loader_sampling.py:276] RECON ep 9 / step 6200 || mse: 0.0013568372232839465
I0404 15:39:33.346009 23289204158976 biobank_reconstruction_3d_new_loader_sampling.py:276] RECON ep 10 / step 6400 || mse: 0.0012695415643975139
I0404 15:40:04.818742 23289204158976 biobank_reconstruction_3d_new_loader_sampling.py:276] RECON ep 10 / step 6600 || mse: 0.0013616563519462943
I0404 15:40:36.297505 23289204158976 biobank_reconstruction_3d_new_loader_sampling.py:276] RECON ep 10 / step 6800 || mse: 0.0011916642542928457
I0404 15:41:07.755959 23289204158976 biobank_reconstruction_3d_new_loader_sampling.py:276] RECON ep 11 / step 7000 || mse: 0.0012534669367596507
I0404 15:41:39.230998 23289204158976 biobank_reconstruction_3d_new_loader_sampling.py:276] RECON ep 11 / step 7200 || mse: 0.0012833893997594714
I0404 15:42:10.734698 23289204158976 biobank_reconstruction_3d_new_loader_sampling.py:276] RECON ep 11 / step 7400 || mse: 0.0012781847035512328
I0404 15:42:42.230346 23289204158976 biobank_reconstruction_3d_new_loader_sampling.py:276] RECON ep 12 / step 7600 || mse: 0.0012591955019161105
I0404 15:43:13.731549 23289204158976 biobank_reconstruction_3d_new_loader_sampling.py:276] RECON ep 12 / step 7800 || mse: 0.0012354219797998667
I0404 15:43:45.238976 23289204158976 biobank_reconstruction_3d_new_loader_sampling.py:276] RECON ep 12 / step 8000 || mse: 0.0011490847682580352
I0404 15:44:16.721322 23289204158976 biobank_reconstruction_3d_new_loader_sampling.py:276] RECON ep 13 / step 8200 || mse: 0.0011370399734005332
I0404 15:44:48.461745 23289204158976 biobank_reconstruction_3d_new_loader_sampling.py:276] RECON ep 13 / step 8400 || mse: 0.0011091966880485415
I0404 15:45:19.934979 23289204158976 biobank_reconstruction_3d_new_loader_sampling.py:276] RECON ep 13 / step 8600 || mse: 0.0010838812449947
I0404 15:45:51.396179 23289204158976 biobank_reconstruction_3d_new_loader_sampling.py:276] RECON ep 14 / step 8800 || mse: 0.0010759859578683972
I0404 15:46:22.898699 23289204158976 biobank_reconstruction_3d_new_loader_sampling.py:276] RECON ep 14 / step 9000 || mse: 0.0010354692349210382
I0404 15:46:54.402435 23289204158976 biobank_reconstruction_3d_new_loader_sampling.py:276] RECON ep 14 / step 9200 || mse: 0.001013249042443931
I0404 15:47:25.890149 23289204158976 biobank_reconstruction_3d_new_loader_sampling.py:276] RECON ep 15 / step 9400 || mse: 0.001002866425551474
I0404 15:47:57.339387 23289204158976 biobank_reconstruction_3d_new_loader_sampling.py:276] RECON ep 15 / step 9600 || mse: 0.0010317954001948237
I0404 15:48:28.782184 23289204158976 biobank_reconstruction_3d_new_loader_sampling.py:276] RECON ep 15 / step 9800 || mse: 0.0009328065789304674
I0404 15:49:00.233807 23289204158976 biobank_reconstruction_3d_new_loader_sampling.py:276] RECON ep 15 / step 10000 || mse: 0.0009389066253788769
I0404 15:49:31.674980 23289204158976 biobank_reconstruction_3d_new_loader_sampling.py:276] RECON ep 16 / step 10200 || mse: 0.0009232232696376741
I0404 15:50:03.131569 23289204158976 biobank_reconstruction_3d_new_loader_sampling.py:276] RECON ep 16 / step 10400 || mse: 0.0008684119093231857
I0404 15:50:34.589906 23289204158976 biobank_reconstruction_3d_new_loader_sampling.py:276] RECON ep 16 / step 10600 || mse: 0.0009160295012407005
I0404 15:51:06.037096 23289204158976 biobank_reconstruction_3d_new_loader_sampling.py:276] RECON ep 17 / step 10800 || mse: 0.0009238067432306707
I0404 15:51:37.489829 23289204158976 biobank_reconstruction_3d_new_loader_sampling.py:276] RECON ep 17 / step 11000 || mse: 0.6906710267066956
I0404 15:52:08.956774 23289204158976 biobank_reconstruction_3d_new_loader_sampling.py:276] RECON ep 17 / step 11200 || mse: 0.35768911242485046
I0404 15:52:40.403864 23289204158976 biobank_reconstruction_3d_new_loader_sampling.py:276] RECON ep 18 / step 11400 || mse: 0.3011532425880432
I0404 15:53:11.857602 23289204158976 biobank_reconstruction_3d_new_loader_sampling.py:276] RECON ep 18 / step 11600 || mse: 0.2679174542427063
I0404 15:53:43.319365 23289204158976 biobank_reconstruction_3d_new_loader_sampling.py:276] RECON ep 18 / step 11800 || mse: 0.23803718388080597
I0404 15:54:14.798847 23289204158976 biobank_reconstruction_3d_new_loader_sampling.py:276] RECON ep 19 / step 12000 || mse: 0.21762001514434814
I0404 15:54:46.623909 23289204158976 biobank_reconstruction_3d_new_loader_sampling.py:276] RECON ep 19 / step 12200 || mse: 0.1987229436635971
I0404 15:55:18.144768 23289204158976 biobank_reconstruction_3d_new_loader_sampling.py:276] RECON ep 19 / step 12400 || mse: 0.18681800365447998
I0404 15:55:49.650017 23289204158976 biobank_reconstruction_3d_new_loader_sampling.py:276] RECON ep 20 / step 12600 || mse: 0.1765120029449463
I0404 15:56:21.159089 23289204158976 biobank_reconstruction_3d_new_loader_sampling.py:276] RECON ep 20 / step 12800 || mse: 0.1644073873758316
I0404 15:56:52.678288 23289204158976 biobank_reconstruction_3d_new_loader_sampling.py:276] RECON ep 20 / step 13000 || mse: 0.15559427440166473
I0404 15:57:24.177561 23289204158976 biobank_reconstruction_3d_new_loader_sampling.py:276] RECON ep 21 / step 13200 || mse: 0.1473417729139328
I0404 15:57:55.688054 23289204158976 biobank_reconstruction_3d_new_loader_sampling.py:276] RECON ep 21 / step 13400 || mse: 0.13932453095912933
I0404 15:58:27.205718 23289204158976 biobank_reconstruction_3d_new_loader_sampling.py:276] RECON ep 21 / step 13600 || mse: 0.1333763152360916
I0404 15:58:58.700728 23289204158976 biobank_reconstruction_3d_new_loader_sampling.py:276] RECON ep 22 / step 13800 || mse: 0.12855520844459534
I0404 15:59:30.201575 23289204158976 biobank_reconstruction_3d_new_loader_sampling.py:276] RECON ep 22 / step 14000 || mse: 0.12126196920871735
I0404 16:00:01.715575 23289204158976 biobank_reconstruction_3d_new_loader_sampling.py:276] RECON ep 22 / step 14200 || mse: 0.11720583587884903
I0404 16:00:33.210890 23289204158976 biobank_reconstruction_3d_new_loader_sampling.py:276] RECON ep 23 / step 14400 || mse: 0.11068419367074966
I0404 16:01:04.687151 23289204158976 biobank_reconstruction_3d_new_loader_sampling.py:276] RECON ep 23 / step 14600 || mse: 0.10511212795972824
I0404 16:01:36.171917 23289204158976 biobank_reconstruction_3d_new_loader_sampling.py:276] RECON ep 23 / step 14800 || mse: 0.10078101605176926
I0404 16:02:07.662945 23289204158976 biobank_reconstruction_3d_new_loader_sampling.py:276] RECON ep 23 / step 15000 || mse: 0.09597136825323105
I0404 16:02:39.140527 23289204158976 biobank_reconstruction_3d_new_loader_sampling.py:276] RECON ep 24 / step 15200 || mse: 0.09193010628223419
I0404 16:03:10.621081 23289204158976 biobank_reconstruction_3d_new_loader_sampling.py:276] RECON ep 24 / step 15400 || mse: 0.08846459537744522
I0404 16:03:42.107066 23289204158976 biobank_reconstruction_3d_new_loader_sampling.py:276] RECON ep 24 / step 15600 || mse: 0.0827372595667839
I0404 16:04:13.578835 23289204158976 biobank_reconstruction_3d_new_loader_sampling.py:276] RECON ep 25 / step 15800 || mse: 0.07907295972108841
I0404 16:04:45.063574 23289204158976 biobank_reconstruction_3d_new_loader_sampling.py:276] RECON ep 25 / step 16000 || mse: 0.07694090902805328
I0404 16:05:16.846677 23289204158976 biobank_reconstruction_3d_new_loader_sampling.py:276] RECON ep 25 / step 16200 || mse: 0.07287265360355377
I0404 16:05:48.319126 23289204158976 biobank_reconstruction_3d_new_loader_sampling.py:276] RECON ep 26 / step 16400 || mse: 0.06859506666660309
I0404 16:06:19.840434 23289204158976 biobank_reconstruction_3d_new_loader_sampling.py:276] RECON ep 26 / step 16600 || mse: 0.06774291396141052
I0404 16:06:51.348110 23289204158976 biobank_reconstruction_3d_new_loader_sampling.py:276] RECON ep 26 / step 16800 || mse: 0.06298358738422394
I0404 16:07:22.833732 23289204158976 biobank_reconstruction_3d_new_loader_sampling.py:276] RECON ep 27 / step 17000 || mse: 0.06023722514510155
I0404 16:07:54.343389 23289204158976 biobank_reconstruction_3d_new_loader_sampling.py:276] RECON ep 27 / step 17200 || mse: 0.05611497908830643
I0404 16:08:25.861356 23289204158976 biobank_reconstruction_3d_new_loader_sampling.py:276] RECON ep 27 / step 17400 || mse: 0.056360919028520584
I0404 16:08:57.359908 23289204158976 biobank_reconstruction_3d_new_loader_sampling.py:276] RECON ep 28 / step 17600 || mse: 0.053512491285800934
I0404 16:09:28.845167 23289204158976 biobank_reconstruction_3d_new_loader_sampling.py:276] RECON ep 28 / step 17800 || mse: 0.05249026417732239
I0404 16:10:00.340139 23289204158976 biobank_reconstruction_3d_new_loader_sampling.py:276] RECON ep 28 / step 18000 || mse: 0.048853471875190735
I0404 16:10:31.814101 23289204158976 biobank_reconstruction_3d_new_loader_sampling.py:276] RECON ep 29 / step 18200 || mse: 0.04633558914065361
I0404 16:11:03.320380 23289204158976 biobank_reconstruction_3d_new_loader_sampling.py:276] RECON ep 29 / step 18400 || mse: 0.0449337363243103
I0404 16:11:34.816266 23289204158976 biobank_reconstruction_3d_new_loader_sampling.py:276] RECON ep 29 / step 18600 || mse: 0.04218943417072296
I0404 16:12:06.289271 23289204158976 biobank_reconstruction_3d_new_loader_sampling.py:276] RECON ep 30 / step 18800 || mse: 0.041076671332120895
I0404 16:12:37.761059 23289204158976 biobank_reconstruction_3d_new_loader_sampling.py:276] RECON ep 30 / step 19000 || mse: 0.03970847651362419
I0404 16:13:09.242855 23289204158976 biobank_reconstruction_3d_new_loader_sampling.py:276] RECON ep 30 / step 19200 || mse: 0.037673693150281906
I0404 16:13:40.712932 23289204158976 biobank_reconstruction_3d_new_loader_sampling.py:276] RECON ep 31 / step 19400 || mse: 0.03563959524035454
I0404 16:14:12.208957 23289204158976 biobank_reconstruction_3d_new_loader_sampling.py:276] RECON ep 31 / step 19600 || mse: 0.03346232697367668
I0404 16:14:44.014126 23289204158976 biobank_reconstruction_3d_new_loader_sampling.py:276] RECON ep 31 / step 19800 || mse: 0.031954698264598846
I0404 16:15:15.522348 23289204158976 biobank_reconstruction_3d_new_loader_sampling.py:276] RECON ep 31 / step 20000 || mse: 0.029640255495905876
I0404 16:15:46.981991 23289204158976 biobank_reconstruction_3d_new_loader_sampling.py:276] RECON ep 32 / step 20200 || mse: 0.028649067506194115
I0404 16:16:18.440730 23289204158976 biobank_reconstruction_3d_new_loader_sampling.py:276] RECON ep 32 / step 20400 || mse: 0.027326151728630066
I0404 16:16:49.904326 23289204158976 biobank_reconstruction_3d_new_loader_sampling.py:276] RECON ep 32 / step 20600 || mse: 0.02551623061299324
I0404 16:17:21.355579 23289204158976 biobank_reconstruction_3d_new_loader_sampling.py:276] RECON ep 33 / step 20800 || mse: 0.023367909714579582
I0404 16:17:52.842962 23289204158976 biobank_reconstruction_3d_new_loader_sampling.py:276] RECON ep 33 / step 21000 || mse: 0.023466525599360466
I0404 16:18:24.321268 23289204158976 biobank_reconstruction_3d_new_loader_sampling.py:276] RECON ep 33 / step 21200 || mse: 0.02210259810090065
I0404 16:18:55.828732 23289204158976 biobank_reconstruction_3d_new_loader_sampling.py:276] RECON ep 34 / step 21400 || mse: 0.021375445649027824
I0404 16:19:27.331829 23289204158976 biobank_reconstruction_3d_new_loader_sampling.py:276] RECON ep 34 / step 21600 || mse: 0.017869189381599426
I0404 16:19:58.844915 23289204158976 biobank_reconstruction_3d_new_loader_sampling.py:276] RECON ep 34 / step 21800 || mse: 0.01785559393465519
I0404 16:20:30.347692 23289204158976 biobank_reconstruction_3d_new_loader_sampling.py:276] RECON ep 35 / step 22000 || mse: 0.018289785832166672
I0404 16:21:01.802831 23289204158976 biobank_reconstruction_3d_new_loader_sampling.py:276] RECON ep 35 / step 22200 || mse: 0.015216188505291939
I0404 16:21:33.265586 23289204158976 biobank_reconstruction_3d_new_loader_sampling.py:276] RECON ep 35 / step 22400 || mse: 0.015652606263756752
I0404 16:22:04.722983 23289204158976 biobank_reconstruction_3d_new_loader_sampling.py:276] RECON ep 36 / step 22600 || mse: 0.01389218121767044
I0404 16:22:36.199409 23289204158976 biobank_reconstruction_3d_new_loader_sampling.py:276] RECON ep 36 / step 22800 || mse: 0.013435284607112408
I0404 16:23:07.676935 23289204158976 biobank_reconstruction_3d_new_loader_sampling.py:276] RECON ep 36 / step 23000 || mse: 0.01187430415302515
I0404 16:23:39.154288 23289204158976 biobank_reconstruction_3d_new_loader_sampling.py:276] RECON ep 37 / step 23200 || mse: 0.011228048242628574
I0404 16:24:10.662243 23289204158976 biobank_reconstruction_3d_new_loader_sampling.py:276] RECON ep 37 / step 23400 || mse: 0.011686380952596664
I0404 16:24:42.459558 23289204158976 biobank_reconstruction_3d_new_loader_sampling.py:276] RECON ep 37 / step 23600 || mse: 0.010825824923813343
I0404 16:25:13.932619 23289204158976 biobank_reconstruction_3d_new_loader_sampling.py:276] RECON ep 38 / step 23800 || mse: 0.010469011962413788
I0404 16:25:45.406337 23289204158976 biobank_reconstruction_3d_new_loader_sampling.py:276] RECON ep 38 / step 24000 || mse: 0.009327377192676067
I0404 16:26:16.882990 23289204158976 biobank_reconstruction_3d_new_loader_sampling.py:276] RECON ep 38 / step 24200 || mse: 0.008390800096094608
I0404 16:26:48.345132 23289204158976 biobank_reconstruction_3d_new_loader_sampling.py:276] RECON ep 39 / step 24400 || mse: 0.007550064008682966
I0404 16:27:19.813523 23289204158976 biobank_reconstruction_3d_new_loader_sampling.py:276] RECON ep 39 / step 24600 || mse: 0.008102603256702423
I0404 16:27:51.291049 23289204158976 biobank_reconstruction_3d_new_loader_sampling.py:276] RECON ep 39 / step 24800 || mse: 0.007156908046454191
I0404 16:28:22.779620 23289204158976 biobank_reconstruction_3d_new_loader_sampling.py:276] RECON ep 39 / step 25000 || mse: 0.006768309511244297
I0404 16:28:54.281127 23289204158976 biobank_reconstruction_3d_new_loader_sampling.py:276] RECON ep 40 / step 25200 || mse: 0.0067290738224983215
I0404 16:29:25.789796 23289204158976 biobank_reconstruction_3d_new_loader_sampling.py:276] RECON ep 40 / step 25400 || mse: 0.006537885405123234
I0404 16:29:57.304133 23289204158976 biobank_reconstruction_3d_new_loader_sampling.py:276] RECON ep 40 / step 25600 || mse: 0.005841390695422888
I0404 16:30:28.802212 23289204158976 biobank_reconstruction_3d_new_loader_sampling.py:276] RECON ep 41 / step 25800 || mse: 0.005524056497961283
I0404 16:31:00.309963 23289204158976 biobank_reconstruction_3d_new_loader_sampling.py:276] RECON ep 41 / step 26000 || mse: 0.005640918388962746
I0404 16:31:31.827216 23289204158976 biobank_reconstruction_3d_new_loader_sampling.py:276] RECON ep 41 / step 26200 || mse: 0.005271782632917166
I0404 16:32:03.324780 23289204158976 biobank_reconstruction_3d_new_loader_sampling.py:276] RECON ep 42 / step 26400 || mse: 0.00487952446565032
I0404 16:32:34.831124 23289204158976 biobank_reconstruction_3d_new_loader_sampling.py:276] RECON ep 42 / step 26600 || mse: 0.004633964039385319
I0404 16:33:06.322390 23289204158976 biobank_reconstruction_3d_new_loader_sampling.py:276] RECON ep 42 / step 26800 || mse: 0.004215599969029427
I0404 16:33:37.802016 23289204158976 biobank_reconstruction_3d_new_loader_sampling.py:276] RECON ep 43 / step 27000 || mse: 0.004207686521112919
I0404 16:34:09.306333 23289204158976 biobank_reconstruction_3d_new_loader_sampling.py:276] RECON ep 43 / step 27200 || mse: 0.003709554672241211
I0404 16:34:40.816726 23289204158976 biobank_reconstruction_3d_new_loader_sampling.py:276] RECON ep 43 / step 27400 || mse: 0.0035705191548913717
I0404 16:35:12.616809 23289204158976 biobank_reconstruction_3d_new_loader_sampling.py:276] RECON ep 44 / step 27600 || mse: 0.00362871284596622
I0404 16:35:44.119758 23289204158976 biobank_reconstruction_3d_new_loader_sampling.py:276] RECON ep 44 / step 27800 || mse: 0.003394291503354907
I0404 16:36:15.609044 23289204158976 biobank_reconstruction_3d_new_loader_sampling.py:276] RECON ep 44 / step 28000 || mse: 0.0032007661648094654
I0404 16:36:47.086451 23289204158976 biobank_reconstruction_3d_new_loader_sampling.py:276] RECON ep 45 / step 28200 || mse: 0.0029189116321504116
I0404 16:37:18.587379 23289204158976 biobank_reconstruction_3d_new_loader_sampling.py:276] RECON ep 45 / step 28400 || mse: 0.002779673784971237
I0404 16:37:50.089541 23289204158976 biobank_reconstruction_3d_new_loader_sampling.py:276] RECON ep 45 / step 28600 || mse: 0.0026199461426585913
I0404 16:38:21.570442 23289204158976 biobank_reconstruction_3d_new_loader_sampling.py:276] RECON ep 46 / step 28800 || mse: 0.0028371699154376984
I0404 16:38:53.038415 23289204158976 biobank_reconstruction_3d_new_loader_sampling.py:276] RECON ep 46 / step 29000 || mse: 0.0023457284551113844
I0404 16:39:24.513280 23289204158976 biobank_reconstruction_3d_new_loader_sampling.py:276] RECON ep 46 / step 29200 || mse: 0.0023313381243497133
I0404 16:39:55.978141 23289204158976 biobank_reconstruction_3d_new_loader_sampling.py:276] RECON ep 47 / step 29400 || mse: 0.0022870716638863087
I0404 16:40:27.473414 23289204158976 biobank_reconstruction_3d_new_loader_sampling.py:276] RECON ep 47 / step 29600 || mse: 0.002149684354662895
I0404 16:40:58.975739 23289204158976 biobank_reconstruction_3d_new_loader_sampling.py:276] RECON ep 47 / step 29800 || mse: 0.002267521806061268
I0404 16:41:30.486441 23289204158976 biobank_reconstruction_3d_new_loader_sampling.py:276] RECON ep 47 / step 30000 || mse: 0.002108472166582942
I0404 16:42:01.983216 23289204158976 biobank_reconstruction_3d_new_loader_sampling.py:276] RECON ep 48 / step 30200 || mse: 0.0019509646808728576
I0404 16:42:33.487627 23289204158976 biobank_reconstruction_3d_new_loader_sampling.py:276] RECON ep 48 / step 30400 || mse: 0.0018132402328774333
I0404 16:43:05.000249 23289204158976 biobank_reconstruction_3d_new_loader_sampling.py:276] RECON ep 48 / step 30600 || mse: 0.002007691888138652
I0404 16:43:36.501841 23289204158976 biobank_reconstruction_3d_new_loader_sampling.py:276] RECON ep 49 / step 30800 || mse: 0.0019647113513201475
I0404 16:44:08.015147 23289204158976 biobank_reconstruction_3d_new_loader_sampling.py:276] RECON ep 49 / step 31000 || mse: 0.0018096721032634377
I0404 16:44:39.815815 23289204158976 biobank_reconstruction_3d_new_loader_sampling.py:276] RECON ep 49 / step 31200 || mse: 0.001731001422740519
I0404 16:45:11.295894 23289204158976 biobank_reconstruction_3d_new_loader_sampling.py:276] RECON ep 50 / step 31400 || mse: 0.0016550030559301376
I0404 16:45:42.772265 23289204158976 biobank_reconstruction_3d_new_loader_sampling.py:276] RECON ep 50 / step 31600 || mse: 0.0017045697895810008
I0404 16:46:14.254793 23289204158976 biobank_reconstruction_3d_new_loader_sampling.py:276] RECON ep 50 / step 31800 || mse: 0.0016438534948974848
I0404 16:46:45.738358 23289204158976 biobank_reconstruction_3d_new_loader_sampling.py:276] RECON ep 51 / step 32000 || mse: 0.0016127506969496608
I0404 16:47:17.241823 23289204158976 biobank_reconstruction_3d_new_loader_sampling.py:276] RECON ep 51 / step 32200 || mse: 0.0015117202419787645
I0404 16:47:48.745945 23289204158976 biobank_reconstruction_3d_new_loader_sampling.py:276] RECON ep 51 / step 32400 || mse: 0.0013730748323723674
I0404 16:48:20.214344 23289204158976 biobank_reconstruction_3d_new_loader_sampling.py:276] RECON ep 52 / step 32600 || mse: 0.0015756910433992743
I0404 16:48:51.660430 23289204158976 biobank_reconstruction_3d_new_loader_sampling.py:276] RECON ep 52 / step 32800 || mse: 0.001535878051072359
I0404 16:49:23.165490 23289204158976 biobank_reconstruction_3d_new_loader_sampling.py:276] RECON ep 52 / step 33000 || mse: 0.0014869404258206487
I0404 16:49:54.661033 23289204158976 biobank_reconstruction_3d_new_loader_sampling.py:276] RECON ep 53 / step 33200 || mse: 0.0014537556562572718
I0404 16:50:26.166186 23289204158976 biobank_reconstruction_3d_new_loader_sampling.py:276] RECON ep 53 / step 33400 || mse: 0.001458771526813507
I0404 16:50:57.674243 23289204158976 biobank_reconstruction_3d_new_loader_sampling.py:276] RECON ep 53 / step 33600 || mse: 0.001362942042760551
I0404 16:51:29.161481 23289204158976 biobank_reconstruction_3d_new_loader_sampling.py:276] RECON ep 54 / step 33800 || mse: 0.0014289678074419498
I0404 16:52:00.637946 23289204158976 biobank_reconstruction_3d_new_loader_sampling.py:276] RECON ep 54 / step 34000 || mse: 0.0013568057911470532
srun: Job step aborted: Waiting up to 32 seconds for job step to finish.
slurmstepd: error: *** JOB 10979134 ON gcn105 CANCELLED AT 2025-04-04T16:52:11 DUE TO TIME LIMIT ***
slurmstepd: error: *** STEP 10979134.0 ON gcn105 CANCELLED AT 2025-04-04T16:52:11 DUE TO TIME LIMIT ***

JOB STATISTICS
==============
Job ID: 10979134
Cluster: snellius
User/Group: jwiers/jwiers
State: TIMEOUT (exit code 0)
Nodes: 1
Cores per node: 16
CPU Utilized: 00:03:10
CPU Efficiency: 0.22% of 1-00:04:32 core-walltime
Job Wall-clock time: 01:30:17
Memory Utilized: 4.83 GB
Memory Efficiency: 2.68% of 180.00 GB (180.00 GB/node)
