============================================================================================== 
Warning! Mixing Conda and module environments may lead to corruption of the
user environment. 
We do not recommend users mixing those two environments unless absolutely
necessary. Note that 
SURF does not provide any support for Conda environment.
For more information, please refer to our software policy page:
https://servicedesk.surf.nl/wiki/display/WIKI/Software+policy+Snellius#SoftwarepolicySnellius-UseofAnacondaandMinicondaenvironmentsonSnellius 

Remember that many packages have already been installed on the system and can
be loaded using 
the 'module load <package__name>' command. If you are uncertain if a package is
already available 
on the system, please use 'module avail' or 'module spider' to search for it.
============================================================================================== 
wandb: Currently logged in as: jessewiers (jessewiers-university-of-amsterdam). Use `wandb login --relogin` to force relogin
wandb: Using wandb-core as the SDK backend.  Please refer to https://wandb.me/wandb-core for more information.
wandb: Tracking run with wandb version 0.19.4
wandb: Run data is saved locally in /gpfs/home4/jwiers/deeprisk/new_codebase/enf-min-jax-version-2/wandb/run-20250404_114455-t6mrntwv
wandb: Run `wandb offline` to turn off syncing.
wandb: Syncing run 3d_z2_512l_64d_uneven_sampling_high_precision
wandb: ⭐️ View project at https://wandb.ai/jessewiers-university-of-amsterdam/enf-min-bio-scratch-3d
wandb: 🚀 View run at https://wandb.ai/jessewiers-university-of-amsterdam/enf-min-bio-scratch-3d/runs/t6mrntwv
INFO:2025-04-04 11:45:11,728:jax._src.xla_bridge:945: Unable to initialize backend 'rocm': module 'jaxlib.xla_extension' has no attribute 'GpuAllocatorConfig'
I0404 11:45:11.728544 23450127012352 xla_bridge.py:945] Unable to initialize backend 'rocm': module 'jaxlib.xla_extension' has no attribute 'GpuAllocatorConfig'
INFO:2025-04-04 11:45:11,739:jax._src.xla_bridge:945: Unable to initialize backend 'tpu': INTERNAL: Failed to open libtpu.so: libtpu.so: cannot open shared object file: No such file or directory
I0404 11:45:11.739307 23450127012352 xla_bridge.py:945] Unable to initialize backend 'tpu': INTERNAL: Failed to open libtpu.so: libtpu.so: cannot open shared object file: No such file or directory
I0404 11:45:57.395408 23450127012352 biobank_reconstruction_3d_new_loader_sampling.py:274] RECON ep 0 / step 200 || mse: 0.03854212909936905
I0404 11:46:26.958944 23450127012352 biobank_reconstruction_3d_new_loader_sampling.py:274] RECON ep 0 / step 400 || mse: 0.024429192766547203
I0404 11:46:57.050655 23450127012352 biobank_reconstruction_3d_new_loader_sampling.py:274] RECON ep 0 / step 600 || mse: 0.021468862891197205
srun: Job step aborted: Waiting up to 32 seconds for job step to finish.
slurmstepd: error: *** JOB 10974380 ON gcn98 CANCELLED AT 2025-04-04T11:47:09 ***
slurmstepd: error: *** STEP 10974380.0 ON gcn98 CANCELLED AT 2025-04-04T11:47:09 ***

JOB STATISTICS
==============
Job ID: 10974380
Cluster: snellius
User/Group: jwiers/jwiers
State: CANCELLED (exit code 0)
Nodes: 1
Cores per node: 16
CPU Utilized: 00:00:42
CPU Efficiency: 1.70% of 00:41:04 core-walltime
Job Wall-clock time: 00:02:34
Memory Utilized: 4.83 GB
Memory Efficiency: 2.68% of 180.00 GB (180.00 GB/node)
