============================================================================================== 
Warning! Mixing Conda and module environments may lead to corruption of the
user environment. 
We do not recommend users mixing those two environments unless absolutely
necessary. Note that 
SURF does not provide any support for Conda environment.
For more information, please refer to our software policy page:
https://servicedesk.surf.nl/wiki/display/WIKI/Software+policy+Snellius#SoftwarepolicySnellius-UseofAnacondaandMinicondaenvironmentsonSnellius 

Remember that many packages have already been installed on the system and can
be loaded using 
the 'module load <package__name>' command. If you are uncertain if a package is
already available 
on the system, please use 'module avail' or 'module spider' to search for it.
============================================================================================== 
wandb: Currently logged in as: jessewiers (jessewiers-university-of-amsterdam) to https://api.wandb.ai. Use `wandb login --relogin` to force relogin
wandb: Using wandb-core as the SDK backend.  Please refer to https://wandb.me/wandb-core for more information.
wandb: Tracking run with wandb version 0.19.6
wandb: Run data is saved locally in /gpfs/home4/jwiers/deeprisk/new_codebase/enf-min-jax-version-2/wandb/run-20250403_140701-tjz3f24t
wandb: Run `wandb offline` to turn off syncing.
wandb: Syncing run 3d_z8_512l_64d_sampling
wandb: ⭐️ View project at https://wandb.ai/jessewiers-university-of-amsterdam/enf-min-bio-scratch-3d
wandb: 🚀 View run at https://wandb.ai/jessewiers-university-of-amsterdam/enf-min-bio-scratch-3d/runs/tjz3f24t
INFO:2025-04-03 14:07:23,978:jax._src.xla_bridge:945: Unable to initialize backend 'rocm': module 'jaxlib.xla_extension' has no attribute 'GpuAllocatorConfig'
I0403 14:07:23.978997 23211728512064 xla_bridge.py:945] Unable to initialize backend 'rocm': module 'jaxlib.xla_extension' has no attribute 'GpuAllocatorConfig'
INFO:2025-04-03 14:07:23,981:jax._src.xla_bridge:945: Unable to initialize backend 'tpu': INTERNAL: Failed to open libtpu.so: libtpu.so: cannot open shared object file: No such file or directory
I0403 14:07:23.981531 23211728512064 xla_bridge.py:945] Unable to initialize backend 'tpu': INTERNAL: Failed to open libtpu.so: libtpu.so: cannot open shared object file: No such file or directory
I0403 14:08:38.085494 23211728512064 utils.py:145] Note: detected 72 virtual cores but NumExpr set to maximum of 64, check "NUMEXPR_MAX_THREADS" environment variable.
I0403 14:08:38.085810 23211728512064 utils.py:148] Note: NumExpr detected 72 cores but "NUMEXPR_MAX_THREADS" not set, so enforcing safe limit of 8.
I0403 14:08:39.181129 23211728512064 biobank_reconstruction_3d_new_loader_sampling.py:271] RECON ep 0 / step 200 || mse: 0.0227007195353508
I0403 14:09:22.526129 23211728512064 biobank_reconstruction_3d_new_loader_sampling.py:271] RECON ep 0 / step 400 || mse: 0.01059113722294569
I0403 14:10:05.913274 23211728512064 biobank_reconstruction_3d_new_loader_sampling.py:271] RECON ep 0 / step 600 || mse: 0.009258369915187359
I0403 14:10:49.510213 23211728512064 biobank_reconstruction_3d_new_loader_sampling.py:271] RECON ep 1 / step 800 || mse: 0.008047831244766712
I0403 14:11:32.965481 23211728512064 biobank_reconstruction_3d_new_loader_sampling.py:271] RECON ep 1 / step 1000 || mse: 0.00845002755522728
I0403 14:12:16.393937 23211728512064 biobank_reconstruction_3d_new_loader_sampling.py:271] RECON ep 1 / step 1200 || mse: 0.007418283261358738
I0403 14:12:59.809146 23211728512064 biobank_reconstruction_3d_new_loader_sampling.py:271] RECON ep 2 / step 1400 || mse: 0.00754962582141161
I0403 14:13:43.210082 23211728512064 biobank_reconstruction_3d_new_loader_sampling.py:271] RECON ep 2 / step 1600 || mse: 0.007718057371675968
I0403 14:14:26.962430 23211728512064 biobank_reconstruction_3d_new_loader_sampling.py:271] RECON ep 2 / step 1800 || mse: 0.007592003792524338
I0403 14:15:10.317783 23211728512064 biobank_reconstruction_3d_new_loader_sampling.py:271] RECON ep 3 / step 2000 || mse: 0.0075362385250627995
I0403 14:15:53.691063 23211728512064 biobank_reconstruction_3d_new_loader_sampling.py:271] RECON ep 3 / step 2200 || mse: 0.0075504775159060955
I0403 14:16:37.056571 23211728512064 biobank_reconstruction_3d_new_loader_sampling.py:271] RECON ep 3 / step 2400 || mse: 0.006994057446718216
I0403 14:17:20.452972 23211728512064 biobank_reconstruction_3d_new_loader_sampling.py:271] RECON ep 4 / step 2600 || mse: 0.0072286720387637615
I0403 14:18:04.119596 23211728512064 biobank_reconstruction_3d_new_loader_sampling.py:271] RECON ep 4 / step 2800 || mse: 0.007139676716178656
I0403 14:18:47.470371 23211728512064 biobank_reconstruction_3d_new_loader_sampling.py:271] RECON ep 4 / step 3000 || mse: 0.006425799336284399
I0403 14:19:30.864557 23211728512064 biobank_reconstruction_3d_new_loader_sampling.py:271] RECON ep 5 / step 3200 || mse: 0.007044963538646698
I0403 14:20:14.374826 23211728512064 biobank_reconstruction_3d_new_loader_sampling.py:271] RECON ep 5 / step 3400 || mse: 0.006633155047893524
I0403 14:20:57.742716 23211728512064 biobank_reconstruction_3d_new_loader_sampling.py:271] RECON ep 5 / step 3600 || mse: 0.00670890836045146
I0403 14:21:41.363173 23211728512064 biobank_reconstruction_3d_new_loader_sampling.py:271] RECON ep 6 / step 3800 || mse: 0.007005664985626936
I0403 14:22:24.728508 23211728512064 biobank_reconstruction_3d_new_loader_sampling.py:271] RECON ep 6 / step 4000 || mse: 0.0064302124083042145
I0403 14:23:08.085843 23211728512064 biobank_reconstruction_3d_new_loader_sampling.py:271] RECON ep 6 / step 4200 || mse: 0.00676462147384882
I0403 14:23:51.413755 23211728512064 biobank_reconstruction_3d_new_loader_sampling.py:271] RECON ep 7 / step 4400 || mse: 0.006726648658514023
I0403 14:24:34.933619 23211728512064 biobank_reconstruction_3d_new_loader_sampling.py:271] RECON ep 7 / step 4600 || mse: 0.006238195113837719
I0403 14:25:18.442961 23211728512064 biobank_reconstruction_3d_new_loader_sampling.py:271] RECON ep 7 / step 4800 || mse: 0.006674067582935095
I0403 14:26:02.336581 23211728512064 biobank_reconstruction_3d_new_loader_sampling.py:271] RECON ep 7 / step 5000 || mse: 0.006291073746979237
I0403 14:26:45.791107 23211728512064 biobank_reconstruction_3d_new_loader_sampling.py:271] RECON ep 8 / step 5200 || mse: 0.006077035330235958
I0403 14:27:29.289354 23211728512064 biobank_reconstruction_3d_new_loader_sampling.py:271] RECON ep 8 / step 5400 || mse: 0.0059201158583164215
I0403 14:28:12.781691 23211728512064 biobank_reconstruction_3d_new_loader_sampling.py:271] RECON ep 8 / step 5600 || mse: 0.006170408334583044
I0403 14:28:56.192906 23211728512064 biobank_reconstruction_3d_new_loader_sampling.py:271] RECON ep 9 / step 5800 || mse: 0.00588637962937355
I0403 14:29:39.932823 23211728512064 biobank_reconstruction_3d_new_loader_sampling.py:271] RECON ep 9 / step 6000 || mse: 0.005838563200086355
I0403 14:30:23.412142 23211728512064 biobank_reconstruction_3d_new_loader_sampling.py:271] RECON ep 9 / step 6200 || mse: 0.0058424524031579494
I0403 14:31:06.838324 23211728512064 biobank_reconstruction_3d_new_loader_sampling.py:271] RECON ep 10 / step 6400 || mse: 0.005587117280811071
I0403 14:31:50.251473 23211728512064 biobank_reconstruction_3d_new_loader_sampling.py:271] RECON ep 10 / step 6600 || mse: 0.005799205508083105
I0403 14:32:33.657308 23211728512064 biobank_reconstruction_3d_new_loader_sampling.py:271] RECON ep 10 / step 6800 || mse: 0.005523355212062597
I0403 14:33:17.349243 23211728512064 biobank_reconstruction_3d_new_loader_sampling.py:271] RECON ep 11 / step 7000 || mse: 0.0055643608793616295
I0403 14:34:00.760417 23211728512064 biobank_reconstruction_3d_new_loader_sampling.py:271] RECON ep 11 / step 7200 || mse: 0.005569008644670248
I0403 14:34:44.119640 23211728512064 biobank_reconstruction_3d_new_loader_sampling.py:271] RECON ep 11 / step 7400 || mse: 0.005472424905747175
I0403 14:35:27.481456 23211728512064 biobank_reconstruction_3d_new_loader_sampling.py:271] RECON ep 12 / step 7600 || mse: 0.005455242469906807
I0403 14:36:10.856578 23211728512064 biobank_reconstruction_3d_new_loader_sampling.py:271] RECON ep 12 / step 7800 || mse: 0.005602232646197081
I0403 14:36:54.500432 23211728512064 biobank_reconstruction_3d_new_loader_sampling.py:271] RECON ep 12 / step 8000 || mse: 0.005199098028242588
I0403 14:37:37.826042 23211728512064 biobank_reconstruction_3d_new_loader_sampling.py:271] RECON ep 13 / step 8200 || mse: 0.005138434935361147
I0403 14:38:21.175581 23211728512064 biobank_reconstruction_3d_new_loader_sampling.py:271] RECON ep 13 / step 8400 || mse: 0.005151658784598112
I0403 14:39:04.512700 23211728512064 biobank_reconstruction_3d_new_loader_sampling.py:271] RECON ep 13 / step 8600 || mse: 0.005026267375797033
I0403 14:39:47.850024 23211728512064 biobank_reconstruction_3d_new_loader_sampling.py:271] RECON ep 14 / step 8800 || mse: 0.005037801340222359
I0403 14:40:31.514437 23211728512064 biobank_reconstruction_3d_new_loader_sampling.py:271] RECON ep 14 / step 9000 || mse: 0.0050257365219295025
I0403 14:41:14.944440 23211728512064 biobank_reconstruction_3d_new_loader_sampling.py:271] RECON ep 14 / step 9200 || mse: 0.1528022587299347
I0403 14:41:58.335190 23211728512064 biobank_reconstruction_3d_new_loader_sampling.py:271] RECON ep 15 / step 9400 || mse: 0.08426950871944427
I0403 14:42:41.746348 23211728512064 biobank_reconstruction_3d_new_loader_sampling.py:271] RECON ep 15 / step 9600 || mse: 0.07250747829675674
I0403 14:43:25.111554 23211728512064 biobank_reconstruction_3d_new_loader_sampling.py:271] RECON ep 15 / step 9800 || mse: 0.0628361776471138
I0403 14:44:08.490251 23211728512064 biobank_reconstruction_3d_new_loader_sampling.py:271] RECON ep 15 / step 10000 || mse: 0.05483023077249527
I0403 14:44:52.172752 23211728512064 biobank_reconstruction_3d_new_loader_sampling.py:271] RECON ep 16 / step 10200 || mse: 0.05376720055937767
I0403 14:45:35.589836 23211728512064 biobank_reconstruction_3d_new_loader_sampling.py:271] RECON ep 16 / step 10400 || mse: 0.04589880630373955
I0403 14:46:19.011647 23211728512064 biobank_reconstruction_3d_new_loader_sampling.py:271] RECON ep 16 / step 10600 || mse: 0.04574321210384369
I0403 14:47:02.407270 23211728512064 biobank_reconstruction_3d_new_loader_sampling.py:271] RECON ep 17 / step 10800 || mse: 0.042657505720853806
I0403 14:47:45.800976 23211728512064 biobank_reconstruction_3d_new_loader_sampling.py:271] RECON ep 17 / step 11000 || mse: 0.04036030173301697
I0403 14:48:29.531961 23211728512064 biobank_reconstruction_3d_new_loader_sampling.py:271] RECON ep 17 / step 11200 || mse: 0.037427496165037155
I0403 14:49:12.948615 23211728512064 biobank_reconstruction_3d_new_loader_sampling.py:271] RECON ep 18 / step 11400 || mse: 0.034719571471214294
I0403 14:49:56.334476 23211728512064 biobank_reconstruction_3d_new_loader_sampling.py:271] RECON ep 18 / step 11600 || mse: 0.03426071256399155
I0403 14:50:39.757915 23211728512064 biobank_reconstruction_3d_new_loader_sampling.py:271] RECON ep 18 / step 11800 || mse: 0.032184939831495285
I0403 14:51:23.143524 23211728512064 biobank_reconstruction_3d_new_loader_sampling.py:271] RECON ep 19 / step 12000 || mse: 0.030941886827349663
I0403 14:52:06.918798 23211728512064 biobank_reconstruction_3d_new_loader_sampling.py:271] RECON ep 19 / step 12200 || mse: 0.030581075698137283
I0403 14:52:50.400208 23211728512064 biobank_reconstruction_3d_new_loader_sampling.py:271] RECON ep 19 / step 12400 || mse: 0.028385881334543228
I0403 14:53:33.860996 23211728512064 biobank_reconstruction_3d_new_loader_sampling.py:271] RECON ep 20 / step 12600 || mse: 0.027469510212540627
I0403 14:54:17.259893 23211728512064 biobank_reconstruction_3d_new_loader_sampling.py:271] RECON ep 20 / step 12800 || mse: 0.025927776470780373
I0403 14:55:00.672902 23211728512064 biobank_reconstruction_3d_new_loader_sampling.py:271] RECON ep 20 / step 13000 || mse: 0.02475421130657196
I0403 14:55:44.373535 23211728512064 biobank_reconstruction_3d_new_loader_sampling.py:271] RECON ep 21 / step 13200 || mse: 0.024561678990721703
I0403 14:56:27.767943 23211728512064 biobank_reconstruction_3d_new_loader_sampling.py:271] RECON ep 21 / step 13400 || mse: 0.023263629525899887
I0403 14:57:11.177907 23211728512064 biobank_reconstruction_3d_new_loader_sampling.py:271] RECON ep 21 / step 13600 || mse: 0.022335782647132874
I0403 14:57:54.554169 23211728512064 biobank_reconstruction_3d_new_loader_sampling.py:271] RECON ep 22 / step 13800 || mse: 0.021989837288856506
I0403 14:58:37.932645 23211728512064 biobank_reconstruction_3d_new_loader_sampling.py:271] RECON ep 22 / step 14000 || mse: 0.02088869921863079
I0403 14:59:21.330422 23211728512064 biobank_reconstruction_3d_new_loader_sampling.py:271] RECON ep 22 / step 14200 || mse: 0.020755242556333542
I0403 15:00:05.051659 23211728512064 biobank_reconstruction_3d_new_loader_sampling.py:271] RECON ep 23 / step 14400 || mse: 0.020455965772271156
I0403 15:00:48.463165 23211728512064 biobank_reconstruction_3d_new_loader_sampling.py:271] RECON ep 23 / step 14600 || mse: 0.018728848546743393
I0403 15:01:31.867701 23211728512064 biobank_reconstruction_3d_new_loader_sampling.py:271] RECON ep 23 / step 14800 || mse: 0.018067944794893265
I0403 15:02:15.274146 23211728512064 biobank_reconstruction_3d_new_loader_sampling.py:271] RECON ep 23 / step 15000 || mse: 0.017989834770560265
I0403 15:02:58.619319 23211728512064 biobank_reconstruction_3d_new_loader_sampling.py:271] RECON ep 24 / step 15200 || mse: 0.016499830409884453
I0403 15:03:42.357141 23211728512064 biobank_reconstruction_3d_new_loader_sampling.py:271] RECON ep 24 / step 15400 || mse: 0.01594465970993042
I0403 15:04:25.807608 23211728512064 biobank_reconstruction_3d_new_loader_sampling.py:271] RECON ep 24 / step 15600 || mse: 0.016206881031394005
I0403 15:05:09.257818 23211728512064 biobank_reconstruction_3d_new_loader_sampling.py:271] RECON ep 25 / step 15800 || mse: 0.015096011571586132
I0403 15:05:52.712160 23211728512064 biobank_reconstruction_3d_new_loader_sampling.py:271] RECON ep 25 / step 16000 || mse: 0.014589629136025906
I0403 15:06:36.139230 23211728512064 biobank_reconstruction_3d_new_loader_sampling.py:271] RECON ep 25 / step 16200 || mse: 0.013682641088962555
srun: Job step aborted: Waiting up to 32 seconds for job step to finish.
slurmstepd: error: *** JOB 10957200 ON gcn53 CANCELLED AT 2025-04-03T15:06:43 DUE TO TIME LIMIT ***
slurmstepd: error: *** STEP 10957200.0 ON gcn53 CANCELLED AT 2025-04-03T15:06:43 DUE TO TIME LIMIT ***

JOB STATISTICS
==============
Job ID: 10957200
Cluster: snellius
User/Group: jwiers/jwiers
State: TIMEOUT (exit code 0)
Nodes: 1
Cores per node: 18
CPU Utilized: 00:58:42
CPU Efficiency: 5.44% of 18:00:00 core-walltime
Job Wall-clock time: 01:00:00
Memory Utilized: 4.89 GB
Memory Efficiency: 4.08% of 120.00 GB (120.00 GB/node)
