============================================================================================== 
Warning! Mixing Conda and module environments may lead to corruption of the
user environment. 
We do not recommend users mixing those two environments unless absolutely
necessary. Note that 
SURF does not provide any support for Conda environment.
For more information, please refer to our software policy page:
https://servicedesk.surf.nl/wiki/display/WIKI/Software+policy+Snellius#SoftwarepolicySnellius-UseofAnacondaandMinicondaenvironmentsonSnellius 

Remember that many packages have already been installed on the system and can
be loaded using 
the 'module load <package__name>' command. If you are uncertain if a package is
already available 
on the system, please use 'module avail' or 'module spider' to search for it.
============================================================================================== 
wandb: Currently logged in as: jessewiers (jessewiers-university-of-amsterdam) to https://api.wandb.ai. Use `wandb login --relogin` to force relogin
wandb: Using wandb-core as the SDK backend.  Please refer to https://wandb.me/wandb-core for more information.
wandb: Tracking run with wandb version 0.19.6
wandb: Run data is saved locally in /gpfs/home4/jwiers/deeprisk/new_codebase/enf-min-jax-version-2/wandb/run-20250403_151047-2vg82ur7
wandb: Run `wandb offline` to turn off syncing.
wandb: Syncing run 3d_z8_512l_64d_sampling
wandb: ⭐️ View project at https://wandb.ai/jessewiers-university-of-amsterdam/enf-min-bio-scratch-3d
wandb: 🚀 View run at https://wandb.ai/jessewiers-university-of-amsterdam/enf-min-bio-scratch-3d/runs/2vg82ur7
INFO:2025-04-03 15:11:10,411:jax._src.xla_bridge:945: Unable to initialize backend 'rocm': module 'jaxlib.xla_extension' has no attribute 'GpuAllocatorConfig'
I0403 15:11:10.411922 22901874148416 xla_bridge.py:945] Unable to initialize backend 'rocm': module 'jaxlib.xla_extension' has no attribute 'GpuAllocatorConfig'
INFO:2025-04-03 15:11:10,418:jax._src.xla_bridge:945: Unable to initialize backend 'tpu': INTERNAL: Failed to open libtpu.so: libtpu.so: cannot open shared object file: No such file or directory
I0403 15:11:10.418772 22901874148416 xla_bridge.py:945] Unable to initialize backend 'tpu': INTERNAL: Failed to open libtpu.so: libtpu.so: cannot open shared object file: No such file or directory
I0403 15:12:25.303317 22901874148416 utils.py:145] Note: detected 72 virtual cores but NumExpr set to maximum of 64, check "NUMEXPR_MAX_THREADS" environment variable.
I0403 15:12:25.303603 22901874148416 utils.py:148] Note: NumExpr detected 72 cores but "NUMEXPR_MAX_THREADS" not set, so enforcing safe limit of 8.
I0403 15:12:26.617608 22901874148416 biobank_reconstruction_3d_new_loader_sampling.py:271] RECON ep 0 / step 200 || mse: 0.022700879722833633
I0403 15:13:10.133558 22901874148416 biobank_reconstruction_3d_new_loader_sampling.py:271] RECON ep 0 / step 400 || mse: 0.010590714402496815
I0403 15:13:53.711118 22901874148416 biobank_reconstruction_3d_new_loader_sampling.py:271] RECON ep 0 / step 600 || mse: 0.009258218109607697
I0403 15:14:37.479542 22901874148416 biobank_reconstruction_3d_new_loader_sampling.py:271] RECON ep 1 / step 800 || mse: 0.008047614246606827
I0403 15:15:21.077469 22901874148416 biobank_reconstruction_3d_new_loader_sampling.py:271] RECON ep 1 / step 1000 || mse: 0.008449718356132507
I0403 15:16:04.683386 22901874148416 biobank_reconstruction_3d_new_loader_sampling.py:271] RECON ep 1 / step 1200 || mse: 0.007418032735586166
I0403 15:16:48.288573 22901874148416 biobank_reconstruction_3d_new_loader_sampling.py:271] RECON ep 2 / step 1400 || mse: 0.00754957739263773
I0403 15:17:31.874027 22901874148416 biobank_reconstruction_3d_new_loader_sampling.py:271] RECON ep 2 / step 1600 || mse: 0.007718089502304792
I0403 15:18:15.717694 22901874148416 biobank_reconstruction_3d_new_loader_sampling.py:271] RECON ep 2 / step 1800 || mse: 0.00759172672405839
I0403 15:18:59.244611 22901874148416 biobank_reconstruction_3d_new_loader_sampling.py:271] RECON ep 3 / step 2000 || mse: 0.007536225952208042
I0403 15:19:42.793641 22901874148416 biobank_reconstruction_3d_new_loader_sampling.py:271] RECON ep 3 / step 2200 || mse: 0.0075502581894397736
I0403 15:20:26.334311 22901874148416 biobank_reconstruction_3d_new_loader_sampling.py:271] RECON ep 3 / step 2400 || mse: 0.006993782706558704
I0403 15:21:09.880787 22901874148416 biobank_reconstruction_3d_new_loader_sampling.py:271] RECON ep 4 / step 2600 || mse: 0.007228548172861338
I0403 15:21:53.709793 22901874148416 biobank_reconstruction_3d_new_loader_sampling.py:271] RECON ep 4 / step 2800 || mse: 0.007139492314308882
I0403 15:22:37.229037 22901874148416 biobank_reconstruction_3d_new_loader_sampling.py:271] RECON ep 4 / step 3000 || mse: 0.006425655912607908
I0403 15:23:20.792706 22901874148416 biobank_reconstruction_3d_new_loader_sampling.py:271] RECON ep 5 / step 3200 || mse: 0.007044797297567129
I0403 15:24:04.363745 22901874148416 biobank_reconstruction_3d_new_loader_sampling.py:271] RECON ep 5 / step 3400 || mse: 0.006632927339524031
I0403 15:24:47.920402 22901874148416 biobank_reconstruction_3d_new_loader_sampling.py:271] RECON ep 5 / step 3600 || mse: 0.006708559580147266
I0403 15:25:31.775848 22901874148416 biobank_reconstruction_3d_new_loader_sampling.py:271] RECON ep 6 / step 3800 || mse: 0.007005456835031509
I0403 15:26:15.319102 22901874148416 biobank_reconstruction_3d_new_loader_sampling.py:271] RECON ep 6 / step 4000 || mse: 0.00642969086766243
I0403 15:26:58.857208 22901874148416 biobank_reconstruction_3d_new_loader_sampling.py:271] RECON ep 6 / step 4200 || mse: 0.0067643532529473305
I0403 15:27:42.366231 22901874148416 biobank_reconstruction_3d_new_loader_sampling.py:271] RECON ep 7 / step 4400 || mse: 0.006726354360580444
I0403 15:28:26.009840 22901874148416 biobank_reconstruction_3d_new_loader_sampling.py:271] RECON ep 7 / step 4600 || mse: 0.006238033063709736
I0403 15:29:09.654080 22901874148416 biobank_reconstruction_3d_new_loader_sampling.py:271] RECON ep 7 / step 4800 || mse: 0.006673832889646292
I0403 15:29:53.622475 22901874148416 biobank_reconstruction_3d_new_loader_sampling.py:271] RECON ep 7 / step 5000 || mse: 0.006290751043707132
I0403 15:30:37.260649 22901874148416 biobank_reconstruction_3d_new_loader_sampling.py:271] RECON ep 8 / step 5200 || mse: 0.00607662508264184
I0403 15:31:20.899393 22901874148416 biobank_reconstruction_3d_new_loader_sampling.py:271] RECON ep 8 / step 5400 || mse: 0.005919485818594694
I0403 15:32:04.565868 22901874148416 biobank_reconstruction_3d_new_loader_sampling.py:271] RECON ep 8 / step 5600 || mse: 0.0061693377792835236
I0403 15:32:48.183642 22901874148416 biobank_reconstruction_3d_new_loader_sampling.py:271] RECON ep 9 / step 5800 || mse: 0.005886112805455923
I0403 15:33:32.120086 22901874148416 biobank_reconstruction_3d_new_loader_sampling.py:271] RECON ep 9 / step 6000 || mse: 0.00583774596452713
I0403 15:34:15.780763 22901874148416 biobank_reconstruction_3d_new_loader_sampling.py:271] RECON ep 9 / step 6200 || mse: 0.005841380450874567
I0403 15:34:59.368214 22901874148416 biobank_reconstruction_3d_new_loader_sampling.py:271] RECON ep 10 / step 6400 || mse: 0.00558486906811595
I0403 15:35:43.005461 22901874148416 biobank_reconstruction_3d_new_loader_sampling.py:271] RECON ep 10 / step 6600 || mse: 0.0057982648722827435
I0403 15:36:26.618695 22901874148416 biobank_reconstruction_3d_new_loader_sampling.py:271] RECON ep 10 / step 6800 || mse: 0.005521907936781645
I0403 15:37:10.514486 22901874148416 biobank_reconstruction_3d_new_loader_sampling.py:271] RECON ep 11 / step 7000 || mse: 0.00556350639089942
I0403 15:37:54.135263 22901874148416 biobank_reconstruction_3d_new_loader_sampling.py:271] RECON ep 11 / step 7200 || mse: 0.005567163694649935
I0403 15:38:37.701661 22901874148416 biobank_reconstruction_3d_new_loader_sampling.py:271] RECON ep 11 / step 7400 || mse: 0.00547160254791379
I0403 15:39:21.256251 22901874148416 biobank_reconstruction_3d_new_loader_sampling.py:271] RECON ep 12 / step 7600 || mse: 0.00545417470857501
I0403 15:40:04.824244 22901874148416 biobank_reconstruction_3d_new_loader_sampling.py:271] RECON ep 12 / step 7800 || mse: 0.005600099451839924
I0403 15:40:48.675482 22901874148416 biobank_reconstruction_3d_new_loader_sampling.py:271] RECON ep 12 / step 8000 || mse: 0.005198558326810598
I0403 15:41:32.216913 22901874148416 biobank_reconstruction_3d_new_loader_sampling.py:271] RECON ep 13 / step 8200 || mse: 0.005137299187481403
I0403 15:42:15.789923 22901874148416 biobank_reconstruction_3d_new_loader_sampling.py:271] RECON ep 13 / step 8400 || mse: 0.005157168954610825
I0403 15:42:59.362203 22901874148416 biobank_reconstruction_3d_new_loader_sampling.py:271] RECON ep 13 / step 8600 || mse: 0.005032785702496767
I0403 15:43:42.881372 22901874148416 biobank_reconstruction_3d_new_loader_sampling.py:271] RECON ep 14 / step 8800 || mse: 0.005080246366560459
I0403 15:44:26.730424 22901874148416 biobank_reconstruction_3d_new_loader_sampling.py:271] RECON ep 14 / step 9000 || mse: 0.0050670066848397255
I0403 15:45:10.309271 22901874148416 biobank_reconstruction_3d_new_loader_sampling.py:271] RECON ep 14 / step 9200 || mse: 0.004854667466133833
I0403 15:45:53.852657 22901874148416 biobank_reconstruction_3d_new_loader_sampling.py:271] RECON ep 15 / step 9400 || mse: 0.004850062541663647
I0403 15:46:37.420644 22901874148416 biobank_reconstruction_3d_new_loader_sampling.py:271] RECON ep 15 / step 9600 || mse: 0.005089137237519026
I0403 15:47:20.998930 22901874148416 biobank_reconstruction_3d_new_loader_sampling.py:271] RECON ep 15 / step 9800 || mse: 0.004777032416313887
I0403 15:48:04.575135 22901874148416 biobank_reconstruction_3d_new_loader_sampling.py:271] RECON ep 15 / step 10000 || mse: 0.004359958693385124
I0403 15:48:48.478322 22901874148416 biobank_reconstruction_3d_new_loader_sampling.py:271] RECON ep 16 / step 10200 || mse: 0.09969973564147949
I0403 15:49:32.124387 22901874148416 biobank_reconstruction_3d_new_loader_sampling.py:271] RECON ep 16 / step 10400 || mse: 0.03663962706923485
I0403 15:50:15.772719 22901874148416 biobank_reconstruction_3d_new_loader_sampling.py:271] RECON ep 16 / step 10600 || mse: 0.027975980192422867
I0403 15:50:59.377769 22901874148416 biobank_reconstruction_3d_new_loader_sampling.py:271] RECON ep 17 / step 10800 || mse: 0.022648924961686134
I0403 15:51:42.985932 22901874148416 biobank_reconstruction_3d_new_loader_sampling.py:271] RECON ep 17 / step 11000 || mse: 0.019263628870248795
I0403 15:52:26.905905 22901874148416 biobank_reconstruction_3d_new_loader_sampling.py:271] RECON ep 17 / step 11200 || mse: 0.016852175816893578
I0403 15:53:10.519429 22901874148416 biobank_reconstruction_3d_new_loader_sampling.py:271] RECON ep 18 / step 11400 || mse: 0.014379865489900112
I0403 15:53:54.117527 22901874148416 biobank_reconstruction_3d_new_loader_sampling.py:271] RECON ep 18 / step 11600 || mse: 0.01403723657131195
I0403 15:54:37.746123 22901874148416 biobank_reconstruction_3d_new_loader_sampling.py:271] RECON ep 18 / step 11800 || mse: 0.012762307189404964
I0403 15:55:21.316069 22901874148416 biobank_reconstruction_3d_new_loader_sampling.py:271] RECON ep 19 / step 12000 || mse: 0.011955760419368744
I0403 15:56:05.237375 22901874148416 biobank_reconstruction_3d_new_loader_sampling.py:271] RECON ep 19 / step 12200 || mse: 0.012026197277009487
I0403 15:56:48.871571 22901874148416 biobank_reconstruction_3d_new_loader_sampling.py:271] RECON ep 19 / step 12400 || mse: 0.01068254467099905
I0403 15:57:32.481950 22901874148416 biobank_reconstruction_3d_new_loader_sampling.py:271] RECON ep 20 / step 12600 || mse: 0.010201032273471355
I0403 15:58:16.031772 22901874148416 biobank_reconstruction_3d_new_loader_sampling.py:271] RECON ep 20 / step 12800 || mse: 0.009446226060390472
I0403 15:58:59.592839 22901874148416 biobank_reconstruction_3d_new_loader_sampling.py:271] RECON ep 20 / step 13000 || mse: 0.008826598525047302
I0403 15:59:43.431183 22901874148416 biobank_reconstruction_3d_new_loader_sampling.py:271] RECON ep 21 / step 13200 || mse: 0.008859025314450264
I0403 16:00:26.963099 22901874148416 biobank_reconstruction_3d_new_loader_sampling.py:271] RECON ep 21 / step 13400 || mse: 0.008368659764528275
I0403 16:01:10.511458 22901874148416 biobank_reconstruction_3d_new_loader_sampling.py:271] RECON ep 21 / step 13600 || mse: 0.008114456199109554
I0403 16:01:54.040801 22901874148416 biobank_reconstruction_3d_new_loader_sampling.py:271] RECON ep 22 / step 13800 || mse: 0.00824721623212099
I0403 16:02:37.559293 22901874148416 biobank_reconstruction_3d_new_loader_sampling.py:271] RECON ep 22 / step 14000 || mse: 0.0076772780157625675
I0403 16:03:21.097319 22901874148416 biobank_reconstruction_3d_new_loader_sampling.py:271] RECON ep 22 / step 14200 || mse: 0.007951624691486359
I0403 16:04:04.949831 22901874148416 biobank_reconstruction_3d_new_loader_sampling.py:271] RECON ep 23 / step 14400 || mse: 0.007876540534198284
I0403 16:04:48.501314 22901874148416 biobank_reconstruction_3d_new_loader_sampling.py:271] RECON ep 23 / step 14600 || mse: 0.007142720278352499
I0403 16:05:32.048400 22901874148416 biobank_reconstruction_3d_new_loader_sampling.py:271] RECON ep 23 / step 14800 || mse: 0.006954690907150507
I0403 16:06:15.596249 22901874148416 biobank_reconstruction_3d_new_loader_sampling.py:271] RECON ep 23 / step 15000 || mse: 0.007210893090814352
I0403 16:06:59.104398 22901874148416 biobank_reconstruction_3d_new_loader_sampling.py:271] RECON ep 24 / step 15200 || mse: 0.0064991312101483345
I0403 16:07:42.979199 22901874148416 biobank_reconstruction_3d_new_loader_sampling.py:271] RECON ep 24 / step 15400 || mse: 0.006432398688048124
I0403 16:08:26.584881 22901874148416 biobank_reconstruction_3d_new_loader_sampling.py:271] RECON ep 24 / step 15600 || mse: 0.006828972604125738
I0403 16:09:10.192748 22901874148416 biobank_reconstruction_3d_new_loader_sampling.py:271] RECON ep 25 / step 15800 || mse: 0.006299661938101053
I0403 16:09:53.799058 22901874148416 biobank_reconstruction_3d_new_loader_sampling.py:271] RECON ep 25 / step 16000 || mse: 0.006286856718361378
I0403 16:10:37.366485 22901874148416 biobank_reconstruction_3d_new_loader_sampling.py:271] RECON ep 25 / step 16200 || mse: 0.00592980207875371
I0403 16:11:21.196783 22901874148416 biobank_reconstruction_3d_new_loader_sampling.py:271] RECON ep 26 / step 16400 || mse: 0.006183197256177664
I0403 16:12:04.741683 22901874148416 biobank_reconstruction_3d_new_loader_sampling.py:271] RECON ep 26 / step 16600 || mse: 0.006871519144624472
I0403 16:12:48.396413 22901874148416 biobank_reconstruction_3d_new_loader_sampling.py:271] RECON ep 26 / step 16800 || mse: 0.006203511264175177
I0403 16:13:32.038355 22901874148416 biobank_reconstruction_3d_new_loader_sampling.py:271] RECON ep 27 / step 17000 || mse: 0.006321028806269169
I0403 16:14:15.581285 22901874148416 biobank_reconstruction_3d_new_loader_sampling.py:271] RECON ep 27 / step 17200 || mse: 0.005689565092325211
I0403 16:14:59.437607 22901874148416 biobank_reconstruction_3d_new_loader_sampling.py:271] RECON ep 27 / step 17400 || mse: 0.006256890948861837
I0403 16:15:42.967550 22901874148416 biobank_reconstruction_3d_new_loader_sampling.py:271] RECON ep 28 / step 17600 || mse: 0.005770317278802395
I0403 16:16:26.511113 22901874148416 biobank_reconstruction_3d_new_loader_sampling.py:271] RECON ep 28 / step 17800 || mse: 0.005877480376511812
I0403 16:17:10.046530 22901874148416 biobank_reconstruction_3d_new_loader_sampling.py:271] RECON ep 28 / step 18000 || mse: 0.005923599936068058
I0403 16:17:53.566197 22901874148416 biobank_reconstruction_3d_new_loader_sampling.py:271] RECON ep 29 / step 18200 || mse: 0.005975979380309582
I0403 16:18:37.398948 22901874148416 biobank_reconstruction_3d_new_loader_sampling.py:271] RECON ep 29 / step 18400 || mse: 0.005776809062808752
I0403 16:19:21.002097 22901874148416 biobank_reconstruction_3d_new_loader_sampling.py:271] RECON ep 29 / step 18600 || mse: 0.005925688426941633
I0403 16:20:04.583420 22901874148416 biobank_reconstruction_3d_new_loader_sampling.py:271] RECON ep 30 / step 18800 || mse: 0.005933580920100212
I0403 16:20:48.127406 22901874148416 biobank_reconstruction_3d_new_loader_sampling.py:271] RECON ep 30 / step 19000 || mse: 0.005649418570101261
I0403 16:21:31.771281 22901874148416 biobank_reconstruction_3d_new_loader_sampling.py:271] RECON ep 30 / step 19200 || mse: 0.005380406975746155
I0403 16:22:15.292044 22901874148416 biobank_reconstruction_3d_new_loader_sampling.py:271] RECON ep 31 / step 19400 || mse: 0.005887527484446764
I0403 16:22:59.220261 22901874148416 biobank_reconstruction_3d_new_loader_sampling.py:271] RECON ep 31 / step 19600 || mse: 0.005498501472175121
I0403 16:23:42.840853 22901874148416 biobank_reconstruction_3d_new_loader_sampling.py:271] RECON ep 31 / step 19800 || mse: 0.005501158069819212
I0403 16:24:26.425541 22901874148416 biobank_reconstruction_3d_new_loader_sampling.py:271] RECON ep 31 / step 20000 || mse: 0.005454988218843937
I0403 16:25:09.999898 22901874148416 biobank_reconstruction_3d_new_loader_sampling.py:271] RECON ep 32 / step 20200 || mse: 0.00533284991979599
I0403 16:25:53.622734 22901874148416 biobank_reconstruction_3d_new_loader_sampling.py:271] RECON ep 32 / step 20400 || mse: 0.005457133986055851
I0403 16:26:37.541312 22901874148416 biobank_reconstruction_3d_new_loader_sampling.py:271] RECON ep 32 / step 20600 || mse: 0.00536354398354888
I0403 16:27:21.156304 22901874148416 biobank_reconstruction_3d_new_loader_sampling.py:271] RECON ep 33 / step 20800 || mse: 0.005158686079084873
I0403 16:28:04.785787 22901874148416 biobank_reconstruction_3d_new_loader_sampling.py:271] RECON ep 33 / step 21000 || mse: 0.0056122723035514355
I0403 16:28:48.411322 22901874148416 biobank_reconstruction_3d_new_loader_sampling.py:271] RECON ep 33 / step 21200 || mse: 0.005280556157231331
I0403 16:29:31.965873 22901874148416 biobank_reconstruction_3d_new_loader_sampling.py:271] RECON ep 34 / step 21400 || mse: 0.005581879056990147
I0403 16:30:15.783867 22901874148416 biobank_reconstruction_3d_new_loader_sampling.py:271] RECON ep 34 / step 21600 || mse: 0.004690036177635193
I0403 16:30:59.357109 22901874148416 biobank_reconstruction_3d_new_loader_sampling.py:271] RECON ep 34 / step 21800 || mse: 0.005284915212541819
I0403 16:31:42.903819 22901874148416 biobank_reconstruction_3d_new_loader_sampling.py:271] RECON ep 35 / step 22000 || mse: 0.0056378161534667015
I0403 16:32:26.447518 22901874148416 biobank_reconstruction_3d_new_loader_sampling.py:271] RECON ep 35 / step 22200 || mse: 0.004977666772902012
I0403 16:33:10.009488 22901874148416 biobank_reconstruction_3d_new_loader_sampling.py:271] RECON ep 35 / step 22400 || mse: 0.005221595522016287
I0403 16:33:53.888805 22901874148416 biobank_reconstruction_3d_new_loader_sampling.py:271] RECON ep 36 / step 22600 || mse: 0.005020624492317438
I0403 16:34:37.428813 22901874148416 biobank_reconstruction_3d_new_loader_sampling.py:271] RECON ep 36 / step 22800 || mse: 0.005209195893257856
I0403 16:35:20.967009 22901874148416 biobank_reconstruction_3d_new_loader_sampling.py:271] RECON ep 36 / step 23000 || mse: 0.004810477141290903
I0403 16:36:04.507370 22901874148416 biobank_reconstruction_3d_new_loader_sampling.py:271] RECON ep 37 / step 23200 || mse: 0.004581241402775049
I0403 16:36:48.069877 22901874148416 biobank_reconstruction_3d_new_loader_sampling.py:271] RECON ep 37 / step 23400 || mse: 0.005035972222685814
I0403 16:37:31.697966 22901874148416 biobank_reconstruction_3d_new_loader_sampling.py:271] RECON ep 37 / step 23600 || mse: 0.0052362531423568726
I0403 16:38:15.640745 22901874148416 biobank_reconstruction_3d_new_loader_sampling.py:271] RECON ep 38 / step 23800 || mse: 0.005289958789944649
I0403 16:38:59.169795 22901874148416 biobank_reconstruction_3d_new_loader_sampling.py:271] RECON ep 38 / step 24000 || mse: 0.005027284845709801
I0403 16:39:42.705395 22901874148416 biobank_reconstruction_3d_new_loader_sampling.py:271] RECON ep 38 / step 24200 || mse: 0.004941300954669714
I0403 16:40:26.218539 22901874148416 biobank_reconstruction_3d_new_loader_sampling.py:271] RECON ep 39 / step 24400 || mse: 0.004481819458305836
I0403 16:41:09.748509 22901874148416 biobank_reconstruction_3d_new_loader_sampling.py:271] RECON ep 39 / step 24600 || mse: 0.004875843413174152
I0403 16:41:53.584723 22901874148416 biobank_reconstruction_3d_new_loader_sampling.py:271] RECON ep 39 / step 24800 || mse: 0.004622730892151594
I0403 16:42:37.120081 22901874148416 biobank_reconstruction_3d_new_loader_sampling.py:271] RECON ep 39 / step 25000 || mse: 0.0045089456252753735
I0403 16:43:20.638495 22901874148416 biobank_reconstruction_3d_new_loader_sampling.py:271] RECON ep 40 / step 25200 || mse: 0.004699293058365583
I0403 16:44:04.176171 22901874148416 biobank_reconstruction_3d_new_loader_sampling.py:271] RECON ep 40 / step 25400 || mse: 0.004769515711814165
I0403 16:44:47.708698 22901874148416 biobank_reconstruction_3d_new_loader_sampling.py:271] RECON ep 40 / step 25600 || mse: 0.004280991852283478
I0403 16:45:31.609835 22901874148416 biobank_reconstruction_3d_new_loader_sampling.py:271] RECON ep 41 / step 25800 || mse: 20.392074584960938
I0403 16:46:15.151774 22901874148416 biobank_reconstruction_3d_new_loader_sampling.py:271] RECON ep 41 / step 26000 || mse: 0.06358971446752548
I0403 16:46:58.736027 22901874148416 biobank_reconstruction_3d_new_loader_sampling.py:271] RECON ep 41 / step 26200 || mse: 0.04758838936686516
I0403 16:47:42.285380 22901874148416 biobank_reconstruction_3d_new_loader_sampling.py:271] RECON ep 42 / step 26400 || mse: 0.04001355171203613
I0403 16:48:25.871510 22901874148416 biobank_reconstruction_3d_new_loader_sampling.py:271] RECON ep 42 / step 26600 || mse: 0.03389856964349747
I0403 16:49:09.753466 22901874148416 biobank_reconstruction_3d_new_loader_sampling.py:271] RECON ep 42 / step 26800 || mse: 0.028886938467621803
I0403 16:49:53.309504 22901874148416 biobank_reconstruction_3d_new_loader_sampling.py:271] RECON ep 43 / step 27000 || mse: 0.027446240186691284
I0403 16:50:36.865924 22901874148416 biobank_reconstruction_3d_new_loader_sampling.py:271] RECON ep 43 / step 27200 || mse: 0.02378169260919094
I0403 16:51:20.439022 22901874148416 biobank_reconstruction_3d_new_loader_sampling.py:271] RECON ep 43 / step 27400 || mse: 0.021899884566664696
I0403 16:52:03.993751 22901874148416 biobank_reconstruction_3d_new_loader_sampling.py:271] RECON ep 44 / step 27600 || mse: 0.021257547661662102
I0403 16:52:47.842259 22901874148416 biobank_reconstruction_3d_new_loader_sampling.py:271] RECON ep 44 / step 27800 || mse: 0.02018725872039795
I0403 16:53:31.471934 22901874148416 biobank_reconstruction_3d_new_loader_sampling.py:271] RECON ep 44 / step 28000 || mse: 0.018673954531550407
I0403 16:54:15.084506 22901874148416 biobank_reconstruction_3d_new_loader_sampling.py:271] RECON ep 45 / step 28200 || mse: 0.016855362802743912
I0403 16:54:58.726146 22901874148416 biobank_reconstruction_3d_new_loader_sampling.py:271] RECON ep 45 / step 28400 || mse: 0.016149258241057396
I0403 16:55:42.287860 22901874148416 biobank_reconstruction_3d_new_loader_sampling.py:271] RECON ep 45 / step 28600 || mse: 0.015099117532372475
I0403 16:56:25.834805 22901874148416 biobank_reconstruction_3d_new_loader_sampling.py:271] RECON ep 46 / step 28800 || mse: 0.01619034819304943
I0403 16:57:09.742861 22901874148416 biobank_reconstruction_3d_new_loader_sampling.py:271] RECON ep 46 / step 29000 || mse: 0.013420638628304005
I0403 16:57:53.414828 22901874148416 biobank_reconstruction_3d_new_loader_sampling.py:271] RECON ep 46 / step 29200 || mse: 0.013621156103909016
I0403 16:58:37.045320 22901874148416 biobank_reconstruction_3d_new_loader_sampling.py:271] RECON ep 47 / step 29400 || mse: 0.012446900829672813
I0403 16:59:20.697821 22901874148416 biobank_reconstruction_3d_new_loader_sampling.py:271] RECON ep 47 / step 29600 || mse: 0.012117507867515087
I0403 17:00:04.373816 22901874148416 biobank_reconstruction_3d_new_loader_sampling.py:271] RECON ep 47 / step 29800 || mse: 0.012773211114108562
I0403 17:00:48.350042 22901874148416 biobank_reconstruction_3d_new_loader_sampling.py:271] RECON ep 47 / step 30000 || mse: 0.012205439619719982
I0403 17:01:31.995580 22901874148416 biobank_reconstruction_3d_new_loader_sampling.py:271] RECON ep 48 / step 30200 || mse: 0.010791857726871967
I0403 17:02:15.613554 22901874148416 biobank_reconstruction_3d_new_loader_sampling.py:271] RECON ep 48 / step 30400 || mse: 0.010456624440848827
I0403 17:02:59.263210 22901874148416 biobank_reconstruction_3d_new_loader_sampling.py:271] RECON ep 48 / step 30600 || mse: 0.010733961127698421
I0403 17:03:42.893779 22901874148416 biobank_reconstruction_3d_new_loader_sampling.py:271] RECON ep 49 / step 30800 || mse: 0.010256852954626083
I0403 17:04:26.780999 22901874148416 biobank_reconstruction_3d_new_loader_sampling.py:271] RECON ep 49 / step 31000 || mse: 0.00973657239228487
I0403 17:05:10.356565 22901874148416 biobank_reconstruction_3d_new_loader_sampling.py:271] RECON ep 49 / step 31200 || mse: 0.009587029926478863
I0403 17:05:53.917165 22901874148416 biobank_reconstruction_3d_new_loader_sampling.py:271] RECON ep 50 / step 31400 || mse: 0.009069880470633507
I0403 17:06:37.489560 22901874148416 biobank_reconstruction_3d_new_loader_sampling.py:271] RECON ep 50 / step 31600 || mse: 0.0086643872782588
I0403 17:07:21.084637 22901874148416 biobank_reconstruction_3d_new_loader_sampling.py:271] RECON ep 50 / step 31800 || mse: 0.008742369711399078
I0403 17:08:04.982584 22901874148416 biobank_reconstruction_3d_new_loader_sampling.py:271] RECON ep 51 / step 32000 || mse: 0.008574859239161015
I0403 17:08:48.609100 22901874148416 biobank_reconstruction_3d_new_loader_sampling.py:271] RECON ep 51 / step 32200 || mse: 0.008191922679543495
I0403 17:09:32.230095 22901874148416 biobank_reconstruction_3d_new_loader_sampling.py:271] RECON ep 51 / step 32400 || mse: 0.007306142244488001
I0403 17:10:15.856245 22901874148416 biobank_reconstruction_3d_new_loader_sampling.py:271] RECON ep 52 / step 32600 || mse: 0.007942033000290394
srun: Job step aborted: Waiting up to 32 seconds for job step to finish.
slurmstepd: error: *** JOB 10963210 ON gcn10 CANCELLED AT 2025-04-03T17:10:42 DUE TO TIME LIMIT ***
slurmstepd: error: *** STEP 10963210.0 ON gcn10 CANCELLED AT 2025-04-03T17:10:42 DUE TO TIME LIMIT ***

JOB STATISTICS
==============
Job ID: 10963210
Cluster: snellius
User/Group: jwiers/jwiers
State: TIMEOUT (exit code 0)
Nodes: 1
Cores per node: 18
CPU Utilized: 01:55:30
CPU Efficiency: 5.33% of 1-12:05:24 core-walltime
Job Wall-clock time: 02:00:18
Memory Utilized: 4.88 GB
Memory Efficiency: 4.07% of 120.00 GB (120.00 GB/node)
