============================================================================================== 
Warning! Mixing Conda and module environments may lead to corruption of the
user environment. 
We do not recommend users mixing those two environments unless absolutely
necessary. Note that 
SURF does not provide any support for Conda environment.
For more information, please refer to our software policy page:
https://servicedesk.surf.nl/wiki/display/WIKI/Software+policy+Snellius#SoftwarepolicySnellius-UseofAnacondaandMinicondaenvironmentsonSnellius 

Remember that many packages have already been installed on the system and can
be loaded using 
the 'module load <package__name>' command. If you are uncertain if a package is
already available 
on the system, please use 'module avail' or 'module spider' to search for it.
============================================================================================== 
wandb: Currently logged in as: jessewiers (jessewiers-university-of-amsterdam). Use `wandb login --relogin` to force relogin
wandb: Using wandb-core as the SDK backend.  Please refer to https://wandb.me/wandb-core for more information.
wandb: Tracking run with wandb version 0.19.4
wandb: Run data is saved locally in /gpfs/home4/jwiers/deeprisk/new_codebase/enf-min-jax-version-2/wandb/run-20250404_114736-564sbaaq
wandb: Run `wandb offline` to turn off syncing.
wandb: Syncing run 3d_z2_512l_64d_uneven_sampling_high_precision
wandb: ⭐️ View project at https://wandb.ai/jessewiers-university-of-amsterdam/enf-min-bio-scratch-3d
wandb: 🚀 View run at https://wandb.ai/jessewiers-university-of-amsterdam/enf-min-bio-scratch-3d/runs/564sbaaq
INFO:2025-04-04 11:47:53,050:jax._src.xla_bridge:945: Unable to initialize backend 'rocm': module 'jaxlib.xla_extension' has no attribute 'GpuAllocatorConfig'
I0404 11:47:53.050809 22446604988928 xla_bridge.py:945] Unable to initialize backend 'rocm': module 'jaxlib.xla_extension' has no attribute 'GpuAllocatorConfig'
INFO:2025-04-04 11:47:53,051:jax._src.xla_bridge:945: Unable to initialize backend 'tpu': INTERNAL: Failed to open libtpu.so: libtpu.so: cannot open shared object file: No such file or directory
I0404 11:47:53.051763 22446604988928 xla_bridge.py:945] Unable to initialize backend 'tpu': INTERNAL: Failed to open libtpu.so: libtpu.so: cannot open shared object file: No such file or directory
I0404 11:48:39.449942 22446604988928 biobank_reconstruction_3d_new_loader_sampling.py:274] RECON ep 0 / step 200 || mse: 0.008477154187858105
I0404 11:49:10.972502 22446604988928 biobank_reconstruction_3d_new_loader_sampling.py:274] RECON ep 0 / step 400 || mse: 0.003845029044896364
I0404 11:49:42.473323 22446604988928 biobank_reconstruction_3d_new_loader_sampling.py:274] RECON ep 0 / step 600 || mse: 0.0030112038366496563
I0404 11:50:14.168964 22446604988928 biobank_reconstruction_3d_new_loader_sampling.py:274] RECON ep 1 / step 800 || mse: 0.002494621789082885
I0404 11:50:45.695337 22446604988928 biobank_reconstruction_3d_new_loader_sampling.py:274] RECON ep 1 / step 1000 || mse: 0.0023935839999467134
I0404 11:51:17.227813 22446604988928 biobank_reconstruction_3d_new_loader_sampling.py:274] RECON ep 1 / step 1200 || mse: 0.002139875665307045
I0404 11:51:48.720347 22446604988928 biobank_reconstruction_3d_new_loader_sampling.py:274] RECON ep 2 / step 1400 || mse: 0.0020613307133316994
I0404 11:52:20.242502 22446604988928 biobank_reconstruction_3d_new_loader_sampling.py:274] RECON ep 2 / step 1600 || mse: 0.0019915360026061535
I0404 11:52:52.129410 22446604988928 biobank_reconstruction_3d_new_loader_sampling.py:274] RECON ep 2 / step 1800 || mse: 0.0018783342093229294
I0404 11:53:23.966142 22446604988928 biobank_reconstruction_3d_new_loader_sampling.py:274] RECON ep 3 / step 2000 || mse: 0.001845167949795723
I0404 11:53:55.552903 22446604988928 biobank_reconstruction_3d_new_loader_sampling.py:274] RECON ep 3 / step 2200 || mse: 0.0019504998344928026
I0404 11:54:27.123341 22446604988928 biobank_reconstruction_3d_new_loader_sampling.py:274] RECON ep 3 / step 2400 || mse: 0.0015800640685483813
I0404 11:54:58.642956 22446604988928 biobank_reconstruction_3d_new_loader_sampling.py:274] RECON ep 4 / step 2600 || mse: 0.0016993075842037797
I0404 11:55:30.146493 22446604988928 biobank_reconstruction_3d_new_loader_sampling.py:274] RECON ep 4 / step 2800 || mse: 0.0017131066415458918
I0404 11:56:01.620097 22446604988928 biobank_reconstruction_3d_new_loader_sampling.py:274] RECON ep 4 / step 3000 || mse: 0.0015222389483824372
I0404 11:56:33.101144 22446604988928 biobank_reconstruction_3d_new_loader_sampling.py:274] RECON ep 5 / step 3200 || mse: 0.0016993880271911621
I0404 11:57:04.665834 22446604988928 biobank_reconstruction_3d_new_loader_sampling.py:274] RECON ep 5 / step 3400 || mse: 0.0015934634720906615
I0404 11:57:36.199053 22446604988928 biobank_reconstruction_3d_new_loader_sampling.py:274] RECON ep 5 / step 3600 || mse: 0.0015291670570150018
I0404 11:58:07.764936 22446604988928 biobank_reconstruction_3d_new_loader_sampling.py:274] RECON ep 6 / step 3800 || mse: 0.001650576712563634
I0404 11:58:39.259857 22446604988928 biobank_reconstruction_3d_new_loader_sampling.py:274] RECON ep 6 / step 4000 || mse: 0.0015570549294352531
I0404 11:59:10.791306 22446604988928 biobank_reconstruction_3d_new_loader_sampling.py:274] RECON ep 6 / step 4200 || mse: 0.0015641524223610759
I0404 11:59:42.281466 22446604988928 biobank_reconstruction_3d_new_loader_sampling.py:274] RECON ep 7 / step 4400 || mse: 0.0014660850865766406
I0404 12:00:13.769997 22446604988928 biobank_reconstruction_3d_new_loader_sampling.py:274] RECON ep 7 / step 4600 || mse: 0.00144098827149719
I0404 12:00:45.598297 22446604988928 biobank_reconstruction_3d_new_loader_sampling.py:274] RECON ep 7 / step 4800 || mse: 0.0016271917847916484
I0404 12:01:17.126435 22446604988928 biobank_reconstruction_3d_new_loader_sampling.py:274] RECON ep 7 / step 5000 || mse: 0.001374569023028016
I0404 12:01:48.615758 22446604988928 biobank_reconstruction_3d_new_loader_sampling.py:274] RECON ep 8 / step 5200 || mse: 0.0013666159939020872
I0404 12:02:20.174888 22446604988928 biobank_reconstruction_3d_new_loader_sampling.py:274] RECON ep 8 / step 5400 || mse: 0.0013154306216165423
I0404 12:02:51.669389 22446604988928 biobank_reconstruction_3d_new_loader_sampling.py:274] RECON ep 8 / step 5600 || mse: 0.001420013140887022
I0404 12:03:23.215703 22446604988928 biobank_reconstruction_3d_new_loader_sampling.py:274] RECON ep 9 / step 5800 || mse: 0.0012920907465741038
I0404 12:03:54.785191 22446604988928 biobank_reconstruction_3d_new_loader_sampling.py:274] RECON ep 9 / step 6000 || mse: 0.001321755931712687
I0404 12:04:26.308712 22446604988928 biobank_reconstruction_3d_new_loader_sampling.py:274] RECON ep 9 / step 6200 || mse: 0.001356836874037981
I0404 12:04:57.791069 22446604988928 biobank_reconstruction_3d_new_loader_sampling.py:274] RECON ep 10 / step 6400 || mse: 0.0012695415643975139
I0404 12:05:29.279407 22446604988928 biobank_reconstruction_3d_new_loader_sampling.py:274] RECON ep 10 / step 6600 || mse: 0.0013616557698696852
I0404 12:06:00.772245 22446604988928 biobank_reconstruction_3d_new_loader_sampling.py:274] RECON ep 10 / step 6800 || mse: 0.0011916639050468802
I0404 12:06:32.251963 22446604988928 biobank_reconstruction_3d_new_loader_sampling.py:274] RECON ep 11 / step 7000 || mse: 0.0012534668203443289
I0404 12:07:03.745431 22446604988928 biobank_reconstruction_3d_new_loader_sampling.py:274] RECON ep 11 / step 7200 || mse: 0.0012833892833441496
I0404 12:07:35.268821 22446604988928 biobank_reconstruction_3d_new_loader_sampling.py:274] RECON ep 11 / step 7400 || mse: 0.0012781847035512328
I0404 12:08:06.783894 22446604988928 biobank_reconstruction_3d_new_loader_sampling.py:274] RECON ep 12 / step 7600 || mse: 0.0012591952690854669
I0404 12:08:38.304918 22446604988928 biobank_reconstruction_3d_new_loader_sampling.py:274] RECON ep 12 / step 7800 || mse: 0.0012354213977232575
I0404 12:09:09.836349 22446604988928 biobank_reconstruction_3d_new_loader_sampling.py:274] RECON ep 12 / step 8000 || mse: 0.0011490837205201387
I0404 12:09:41.339368 22446604988928 biobank_reconstruction_3d_new_loader_sampling.py:274] RECON ep 13 / step 8200 || mse: 0.0011370397405698895
I0404 12:10:13.102358 22446604988928 biobank_reconstruction_3d_new_loader_sampling.py:274] RECON ep 13 / step 8400 || mse: 0.001109195756725967
I0404 12:10:44.596450 22446604988928 biobank_reconstruction_3d_new_loader_sampling.py:274] RECON ep 13 / step 8600 || mse: 0.0010838808957487345
I0404 12:11:16.075981 22446604988928 biobank_reconstruction_3d_new_loader_sampling.py:274] RECON ep 14 / step 8800 || mse: 0.0010759861906990409
I0404 12:11:47.598414 22446604988928 biobank_reconstruction_3d_new_loader_sampling.py:274] RECON ep 14 / step 9000 || mse: 0.0010354687692597508
I0404 12:12:19.125862 22446604988928 biobank_reconstruction_3d_new_loader_sampling.py:274] RECON ep 14 / step 9200 || mse: 0.001013249042443931
I0404 12:12:50.631945 22446604988928 biobank_reconstruction_3d_new_loader_sampling.py:274] RECON ep 15 / step 9400 || mse: 0.0010028646793216467
I0404 12:13:22.103181 22446604988928 biobank_reconstruction_3d_new_loader_sampling.py:274] RECON ep 15 / step 9600 || mse: 0.0010318137938156724
I0404 12:13:53.567733 22446604988928 biobank_reconstruction_3d_new_loader_sampling.py:274] RECON ep 15 / step 9800 || mse: 0.0009327940060757101
I0404 12:14:25.042365 22446604988928 biobank_reconstruction_3d_new_loader_sampling.py:274] RECON ep 15 / step 10000 || mse: 0.0009391031344421208
I0404 12:14:56.502933 22446604988928 biobank_reconstruction_3d_new_loader_sampling.py:274] RECON ep 16 / step 10200 || mse: 0.00092313252389431
I0404 12:15:27.978867 22446604988928 biobank_reconstruction_3d_new_loader_sampling.py:274] RECON ep 16 / step 10400 || mse: 0.0008695873548276722
I0404 12:15:59.453408 22446604988928 biobank_reconstruction_3d_new_loader_sampling.py:274] RECON ep 16 / step 10600 || mse: 0.000930892420001328
I0404 12:16:30.918422 22446604988928 biobank_reconstruction_3d_new_loader_sampling.py:274] RECON ep 17 / step 10800 || mse: 0.0009061036980710924
I0404 12:17:02.390707 22446604988928 biobank_reconstruction_3d_new_loader_sampling.py:274] RECON ep 17 / step 11000 || mse: 0.1984880417585373
slurmstepd: error: *** JOB 10974407 ON gcn98 CANCELLED AT 2025-04-04T12:17:24 DUE TO TIME LIMIT ***
slurmstepd: error: *** STEP 10974407.0 ON gcn98 CANCELLED AT 2025-04-04T12:17:24 DUE TO TIME LIMIT ***
srun: Job step aborted: Waiting up to 32 seconds for job step to finish.

JOB STATISTICS
==============
Job ID: 10974407
Cluster: snellius
User/Group: jwiers/jwiers
State: TIMEOUT (exit code 0)
Nodes: 1
Cores per node: 16
CPU Utilized: 00:01:26
CPU Efficiency: 0.30% of 08:00:32 core-walltime
Job Wall-clock time: 00:30:02
Memory Utilized: 4.82 GB
Memory Efficiency: 2.68% of 180.00 GB (180.00 GB/node)
