============================================================================================== 
Warning! Mixing Conda and module environments may lead to corruption of the
user environment. 
We do not recommend users mixing those two environments unless absolutely
necessary. Note that 
SURF does not provide any support for Conda environment.
For more information, please refer to our software policy page:
https://servicedesk.surf.nl/wiki/display/WIKI/Software+policy+Snellius#SoftwarepolicySnellius-UseofAnacondaandMinicondaenvironmentsonSnellius 

Remember that many packages have already been installed on the system and can
be loaded using 
the 'module load <package__name>' command. If you are uncertain if a package is
already available 
on the system, please use 'module avail' or 'module spider' to search for it.
============================================================================================== 
wandb: Currently logged in as: jessewiers (jessewiers-university-of-amsterdam). Use `wandb login --relogin` to force relogin
wandb: Using wandb-core as the SDK backend.  Please refer to https://wandb.me/wandb-core for more information.
wandb: Tracking run with wandb version 0.19.4
wandb: Run data is saved locally in /gpfs/home4/jwiers/deeprisk/new_codebase/enf-min-jax-version-2/wandb/run-20250404_114136-28gzakbd
wandb: Run `wandb offline` to turn off syncing.
wandb: Syncing run 3d_z2_512l_64d_uneven_sampling_high_precision
wandb: ⭐️ View project at https://wandb.ai/jessewiers-university-of-amsterdam/enf-min-bio-scratch-3d
wandb: 🚀 View run at https://wandb.ai/jessewiers-university-of-amsterdam/enf-min-bio-scratch-3d/runs/28gzakbd
INFO:2025-04-04 11:41:53,196:jax._src.xla_bridge:945: Unable to initialize backend 'rocm': module 'jaxlib.xla_extension' has no attribute 'GpuAllocatorConfig'
I0404 11:41:53.196784 22479169495552 xla_bridge.py:945] Unable to initialize backend 'rocm': module 'jaxlib.xla_extension' has no attribute 'GpuAllocatorConfig'
INFO:2025-04-04 11:41:53,203:jax._src.xla_bridge:945: Unable to initialize backend 'tpu': INTERNAL: Failed to open libtpu.so: libtpu.so: cannot open shared object file: No such file or directory
I0404 11:41:53.203952 22479169495552 xla_bridge.py:945] Unable to initialize backend 'tpu': INTERNAL: Failed to open libtpu.so: libtpu.so: cannot open shared object file: No such file or directory
I0404 11:42:44.934064 22479169495552 biobank_reconstruction_3d_new_loader_sampling.py:273] RECON ep 0 / step 200 || mse: 0.03871805965900421
I0404 11:43:08.763631 22479169495552 biobank_reconstruction_3d_new_loader_sampling.py:273] RECON ep 0 / step 400 || mse: 0.02447492443025112
I0404 11:43:32.598963 22479169495552 biobank_reconstruction_3d_new_loader_sampling.py:273] RECON ep 0 / step 600 || mse: 0.01955038495361805
srun: Job step aborted: Waiting up to 32 seconds for job step to finish.
slurmstepd: error: *** STEP 10974193.0 ON gcn126 CANCELLED AT 2025-04-04T11:43:32 ***
slurmstepd: error: *** JOB 10974193 ON gcn126 CANCELLED AT 2025-04-04T11:43:32 ***

JOB STATISTICS
==============
Job ID: 10974193
Cluster: snellius
User/Group: jwiers/jwiers
State: CANCELLED (exit code 0)
Nodes: 1
Cores per node: 16
CPU Utilized: 00:03:42
CPU Efficiency: 10.28% of 00:36:00 core-walltime
Job Wall-clock time: 00:02:15
Memory Utilized: 3.93 GB
Memory Efficiency: 2.18% of 180.00 GB (180.00 GB/node)
