============================================================================================== 
Warning! Mixing Conda and module environments may lead to corruption of the
user environment. 
We do not recommend users mixing those two environments unless absolutely
necessary. Note that 
SURF does not provide any support for Conda environment.
For more information, please refer to our software policy page:
https://servicedesk.surf.nl/wiki/display/WIKI/Software+policy+Snellius#SoftwarepolicySnellius-UseofAnacondaandMinicondaenvironmentsonSnellius 

Remember that many packages have already been installed on the system and can
be loaded using 
the 'module load <package__name>' command. If you are uncertain if a package is
already available 
on the system, please use 'module avail' or 'module spider' to search for it.
============================================================================================== 
wandb: Currently logged in as: jessewiers (jessewiers-university-of-amsterdam). Use `wandb login --relogin` to force relogin
wandb: Using wandb-core as the SDK backend.  Please refer to https://wandb.me/wandb-core for more information.
wandb: Tracking run with wandb version 0.19.4
wandb: Run data is saved locally in /gpfs/home4/jwiers/deeprisk/new_codebase/enf-min-jax-version-2/wandb/run-20250404_153147-4n5boizf
wandb: Run `wandb offline` to turn off syncing.
wandb: Syncing run 3d_z2_512l_64d_uneven_sampling_low_precision_knearest_true
wandb: ⭐️ View project at https://wandb.ai/jessewiers-university-of-amsterdam/enf-min-bio-scratch-3d
wandb: 🚀 View run at https://wandb.ai/jessewiers-university-of-amsterdam/enf-min-bio-scratch-3d/runs/4n5boizf
INFO:2025-04-04 15:32:03,901:jax._src.xla_bridge:945: Unable to initialize backend 'rocm': module 'jaxlib.xla_extension' has no attribute 'GpuAllocatorConfig'
I0404 15:32:03.901592 22961421632000 xla_bridge.py:945] Unable to initialize backend 'rocm': module 'jaxlib.xla_extension' has no attribute 'GpuAllocatorConfig'
INFO:2025-04-04 15:32:03,909:jax._src.xla_bridge:945: Unable to initialize backend 'tpu': INTERNAL: Failed to open libtpu.so: libtpu.so: cannot open shared object file: No such file or directory
I0404 15:32:03.909585 22961421632000 xla_bridge.py:945] Unable to initialize backend 'tpu': INTERNAL: Failed to open libtpu.so: libtpu.so: cannot open shared object file: No such file or directory
I0404 15:33:04.667201 22961421632000 biobank_reconstruction_3d_new_loader_sampling.py:276] RECON ep 0 / step 200 || mse: 0.011709925718605518
I0404 15:33:33.291563 22961421632000 biobank_reconstruction_3d_new_loader_sampling.py:276] RECON ep 0 / step 400 || mse: 0.0043702139519155025
I0404 15:34:01.936489 22961421632000 biobank_reconstruction_3d_new_loader_sampling.py:276] RECON ep 0 / step 600 || mse: 0.0030734059400856495
I0404 15:34:30.554792 22961421632000 biobank_reconstruction_3d_new_loader_sampling.py:276] RECON ep 1 / step 800 || mse: 0.0024421431589871645
I0404 15:34:59.202433 22961421632000 biobank_reconstruction_3d_new_loader_sampling.py:276] RECON ep 1 / step 1000 || mse: 0.002287073526531458
I0404 15:35:27.834572 22961421632000 biobank_reconstruction_3d_new_loader_sampling.py:276] RECON ep 1 / step 1200 || mse: 0.002013087272644043
I0404 15:35:56.485093 22961421632000 biobank_reconstruction_3d_new_loader_sampling.py:276] RECON ep 2 / step 1400 || mse: 0.0018937144195660949
I0404 15:36:25.080605 22961421632000 biobank_reconstruction_3d_new_loader_sampling.py:276] RECON ep 2 / step 1600 || mse: 0.001819984638132155
I0404 15:36:53.809034 22961421632000 biobank_reconstruction_3d_new_loader_sampling.py:276] RECON ep 2 / step 1800 || mse: 0.0016867961967363954
I0404 15:37:22.411915 22961421632000 biobank_reconstruction_3d_new_loader_sampling.py:276] RECON ep 3 / step 2000 || mse: 0.0016315747052431107
I0404 15:37:51.036072 22961421632000 biobank_reconstruction_3d_new_loader_sampling.py:276] RECON ep 3 / step 2200 || mse: 0.0017250905511900783
I0404 15:38:19.644634 22961421632000 biobank_reconstruction_3d_new_loader_sampling.py:276] RECON ep 3 / step 2400 || mse: 0.0013840508181601763
I0404 15:38:48.257969 22961421632000 biobank_reconstruction_3d_new_loader_sampling.py:276] RECON ep 4 / step 2600 || mse: 0.0014665514463558793
I0404 15:39:16.961385 22961421632000 biobank_reconstruction_3d_new_loader_sampling.py:276] RECON ep 4 / step 2800 || mse: 0.0014922101981937885
I0404 15:39:45.581558 22961421632000 biobank_reconstruction_3d_new_loader_sampling.py:276] RECON ep 4 / step 3000 || mse: 0.0013125597033649683
I0404 15:40:14.170659 22961421632000 biobank_reconstruction_3d_new_loader_sampling.py:276] RECON ep 5 / step 3200 || mse: 0.0014357708860188723
I0404 15:40:42.780823 22961421632000 biobank_reconstruction_3d_new_loader_sampling.py:276] RECON ep 5 / step 3400 || mse: 0.0013713139342144132
I0404 15:41:11.393279 22961421632000 biobank_reconstruction_3d_new_loader_sampling.py:276] RECON ep 5 / step 3600 || mse: 0.001294880174100399
I0404 15:41:40.038628 22961421632000 biobank_reconstruction_3d_new_loader_sampling.py:276] RECON ep 6 / step 3800 || mse: 0.0013894872972741723
I0404 15:42:09.000833 22961421632000 biobank_reconstruction_3d_new_loader_sampling.py:276] RECON ep 6 / step 4000 || mse: 0.0013060028431937099
I0404 15:42:37.679470 22961421632000 biobank_reconstruction_3d_new_loader_sampling.py:276] RECON ep 6 / step 4200 || mse: 0.0013037972385063767
I0404 15:43:06.299385 22961421632000 biobank_reconstruction_3d_new_loader_sampling.py:276] RECON ep 7 / step 4400 || mse: 0.001212974777445197
I0404 15:43:35.004553 22961421632000 biobank_reconstruction_3d_new_loader_sampling.py:276] RECON ep 7 / step 4600 || mse: 0.0012099159648641944
I0404 15:44:03.690832 22961421632000 biobank_reconstruction_3d_new_loader_sampling.py:276] RECON ep 7 / step 4800 || mse: 0.0012938525760546327
I0404 15:44:32.360926 22961421632000 biobank_reconstruction_3d_new_loader_sampling.py:276] RECON ep 7 / step 5000 || mse: 0.0011397636262699962
I0404 15:45:00.981816 22961421632000 biobank_reconstruction_3d_new_loader_sampling.py:276] RECON ep 8 / step 5200 || mse: 0.0011175888357684016
I0404 15:45:29.581172 22961421632000 biobank_reconstruction_3d_new_loader_sampling.py:276] RECON ep 8 / step 5400 || mse: 0.0010829487582668662
I0404 15:45:58.205387 22961421632000 biobank_reconstruction_3d_new_loader_sampling.py:276] RECON ep 8 / step 5600 || mse: 0.0011498529929667711
I0404 15:46:26.801983 22961421632000 biobank_reconstruction_3d_new_loader_sampling.py:276] RECON ep 9 / step 5800 || mse: 0.0010452078422531486
I0404 15:46:55.430143 22961421632000 biobank_reconstruction_3d_new_loader_sampling.py:276] RECON ep 9 / step 6000 || mse: 0.0010476539609953761
I0404 15:47:24.035879 22961421632000 biobank_reconstruction_3d_new_loader_sampling.py:276] RECON ep 9 / step 6200 || mse: 0.0010813119588419795
I0404 15:47:52.645789 22961421632000 biobank_reconstruction_3d_new_loader_sampling.py:276] RECON ep 10 / step 6400 || mse: 0.0010088200215250254
I0404 15:48:21.247952 22961421632000 biobank_reconstruction_3d_new_loader_sampling.py:276] RECON ep 10 / step 6600 || mse: 0.0010697105899453163
I0404 15:48:49.886820 22961421632000 biobank_reconstruction_3d_new_loader_sampling.py:276] RECON ep 10 / step 6800 || mse: 0.0009504454210400581
I0404 15:49:18.470926 22961421632000 biobank_reconstruction_3d_new_loader_sampling.py:276] RECON ep 11 / step 7000 || mse: 0.0009989888640120625
I0404 15:49:47.067708 22961421632000 biobank_reconstruction_3d_new_loader_sampling.py:276] RECON ep 11 / step 7200 || mse: 0.001038919435814023
I0404 15:50:15.662316 22961421632000 biobank_reconstruction_3d_new_loader_sampling.py:276] RECON ep 11 / step 7400 || mse: 0.0010298279812559485
I0404 15:50:44.256701 22961421632000 biobank_reconstruction_3d_new_loader_sampling.py:276] RECON ep 12 / step 7600 || mse: 0.0010130588198080659
I0404 15:51:13.176605 22961421632000 biobank_reconstruction_3d_new_loader_sampling.py:276] RECON ep 12 / step 7800 || mse: 0.0010152895702049136
I0404 15:51:41.776813 22961421632000 biobank_reconstruction_3d_new_loader_sampling.py:276] RECON ep 12 / step 8000 || mse: 0.0009696118650026619
I0404 15:52:10.387816 22961421632000 biobank_reconstruction_3d_new_loader_sampling.py:276] RECON ep 13 / step 8200 || mse: 0.0009923124453052878
I0404 15:52:39.015767 22961421632000 biobank_reconstruction_3d_new_loader_sampling.py:276] RECON ep 13 / step 8400 || mse: 0.0009756438666954637
I0404 15:53:07.646654 22961421632000 biobank_reconstruction_3d_new_loader_sampling.py:276] RECON ep 13 / step 8600 || mse: 0.0009562093182466924
I0404 15:53:36.258666 22961421632000 biobank_reconstruction_3d_new_loader_sampling.py:276] RECON ep 14 / step 8800 || mse: 0.0009650179999880493
I0404 15:54:04.879094 22961421632000 biobank_reconstruction_3d_new_loader_sampling.py:276] RECON ep 14 / step 9000 || mse: 0.0009454041719436646
I0404 15:54:33.499341 22961421632000 biobank_reconstruction_3d_new_loader_sampling.py:276] RECON ep 14 / step 9200 || mse: 0.0009189822594635189
I0404 15:55:02.127030 22961421632000 biobank_reconstruction_3d_new_loader_sampling.py:276] RECON ep 15 / step 9400 || mse: 0.000928143912460655
I0404 15:55:30.743457 22961421632000 biobank_reconstruction_3d_new_loader_sampling.py:276] RECON ep 15 / step 9600 || mse: 0.0009740790701471269
I0404 15:55:59.363911 22961421632000 biobank_reconstruction_3d_new_loader_sampling.py:276] RECON ep 15 / step 9800 || mse: 0.0009047943167388439
I0404 15:56:27.995431 22961421632000 biobank_reconstruction_3d_new_loader_sampling.py:276] RECON ep 15 / step 10000 || mse: 0.0008698119199834764
I0404 15:56:56.612331 22961421632000 biobank_reconstruction_3d_new_loader_sampling.py:276] RECON ep 16 / step 10200 || mse: 0.0008941965061239898
I0404 15:57:25.231970 22961421632000 biobank_reconstruction_3d_new_loader_sampling.py:276] RECON ep 16 / step 10400 || mse: 0.0008714559371583164
I0404 15:57:53.858116 22961421632000 biobank_reconstruction_3d_new_loader_sampling.py:276] RECON ep 16 / step 10600 || mse: 0.000899517151992768
I0404 15:58:22.473396 22961421632000 biobank_reconstruction_3d_new_loader_sampling.py:276] RECON ep 17 / step 10800 || mse: 0.0008464226848445833
I0404 15:58:51.082208 22961421632000 biobank_reconstruction_3d_new_loader_sampling.py:276] RECON ep 17 / step 11000 || mse: 0.0008180392323993146
I0404 15:59:19.752774 22961421632000 biobank_reconstruction_3d_new_loader_sampling.py:276] RECON ep 17 / step 11200 || mse: 0.0007691063219681382
I0404 15:59:48.364924 22961421632000 biobank_reconstruction_3d_new_loader_sampling.py:276] RECON ep 18 / step 11400 || mse: 0.0007102814852260053
I0404 16:00:17.310793 22961421632000 biobank_reconstruction_3d_new_loader_sampling.py:276] RECON ep 18 / step 11600 || mse: 0.0007130391895771027
I0404 16:00:45.918391 22961421632000 biobank_reconstruction_3d_new_loader_sampling.py:276] RECON ep 18 / step 11800 || mse: 0.0007287908811122179
I0404 16:01:14.542954 22961421632000 biobank_reconstruction_3d_new_loader_sampling.py:276] RECON ep 19 / step 12000 || mse: 0.0007196226506493986
I0404 16:01:43.263491 22961421632000 biobank_reconstruction_3d_new_loader_sampling.py:276] RECON ep 19 / step 12200 || mse: 0.0007321799057535827
I0404 16:02:12.042099 22961421632000 biobank_reconstruction_3d_new_loader_sampling.py:276] RECON ep 19 / step 12400 || mse: 0.0006518453592434525
I0404 16:02:40.696629 22961421632000 biobank_reconstruction_3d_new_loader_sampling.py:276] RECON ep 20 / step 12600 || mse: 0.000667202053591609
I0404 16:03:09.332816 22961421632000 biobank_reconstruction_3d_new_loader_sampling.py:276] RECON ep 20 / step 12800 || mse: 0.08904784172773361
I0404 16:03:37.986949 22961421632000 biobank_reconstruction_3d_new_loader_sampling.py:276] RECON ep 20 / step 13000 || mse: 0.04424888640642166
I0404 16:04:06.615828 22961421632000 biobank_reconstruction_3d_new_loader_sampling.py:276] RECON ep 21 / step 13200 || mse: 0.03255161643028259
I0404 16:04:35.261205 22961421632000 biobank_reconstruction_3d_new_loader_sampling.py:276] RECON ep 21 / step 13400 || mse: 0.026264026761054993
I0404 16:05:03.870509 22961421632000 biobank_reconstruction_3d_new_loader_sampling.py:276] RECON ep 21 / step 13600 || mse: 0.02247963659465313
I0404 16:05:32.543823 22961421632000 biobank_reconstruction_3d_new_loader_sampling.py:276] RECON ep 22 / step 13800 || mse: 0.02071480080485344
I0404 16:06:01.138325 22961421632000 biobank_reconstruction_3d_new_loader_sampling.py:276] RECON ep 22 / step 14000 || mse: 0.017143812030553818
I0404 16:06:29.746845 22961421632000 biobank_reconstruction_3d_new_loader_sampling.py:276] RECON ep 22 / step 14200 || mse: 0.016887826845049858
I0404 16:06:58.339368 22961421632000 biobank_reconstruction_3d_new_loader_sampling.py:276] RECON ep 23 / step 14400 || mse: 0.014213807880878448
I0404 16:07:26.937102 22961421632000 biobank_reconstruction_3d_new_loader_sampling.py:276] RECON ep 23 / step 14600 || mse: 0.012326935306191444
I0404 16:07:55.562416 22961421632000 biobank_reconstruction_3d_new_loader_sampling.py:276] RECON ep 23 / step 14800 || mse: 0.011122317053377628
I0404 16:08:24.172690 22961421632000 biobank_reconstruction_3d_new_loader_sampling.py:276] RECON ep 23 / step 15000 || mse: 0.009936556220054626
I0404 16:08:52.794528 22961421632000 biobank_reconstruction_3d_new_loader_sampling.py:276] RECON ep 24 / step 15200 || mse: 0.00889026653021574
I0404 16:09:21.398456 22961421632000 biobank_reconstruction_3d_new_loader_sampling.py:276] RECON ep 24 / step 15400 || mse: 0.008289224468171597
I0404 16:09:50.304349 22961421632000 biobank_reconstruction_3d_new_loader_sampling.py:276] RECON ep 24 / step 15600 || mse: 0.007351785432547331
I0404 16:10:18.922706 22961421632000 biobank_reconstruction_3d_new_loader_sampling.py:276] RECON ep 25 / step 15800 || mse: 0.006559714209288359
I0404 16:10:47.610161 22961421632000 biobank_reconstruction_3d_new_loader_sampling.py:276] RECON ep 25 / step 16000 || mse: 0.006196494679898024
I0404 16:11:16.263734 22961421632000 biobank_reconstruction_3d_new_loader_sampling.py:276] RECON ep 25 / step 16200 || mse: 0.005479326471686363
I0404 16:11:44.900727 22961421632000 biobank_reconstruction_3d_new_loader_sampling.py:276] RECON ep 26 / step 16400 || mse: 0.005004275590181351
I0404 16:12:13.512986 22961421632000 biobank_reconstruction_3d_new_loader_sampling.py:276] RECON ep 26 / step 16600 || mse: 0.0048527163453400135
I0404 16:12:42.133337 22961421632000 biobank_reconstruction_3d_new_loader_sampling.py:276] RECON ep 26 / step 16800 || mse: 0.004128300119191408
I0404 16:13:10.746355 22961421632000 biobank_reconstruction_3d_new_loader_sampling.py:276] RECON ep 27 / step 17000 || mse: 0.0039542666636407375
I0404 16:13:39.391172 22961421632000 biobank_reconstruction_3d_new_loader_sampling.py:276] RECON ep 27 / step 17200 || mse: 0.003448235336691141
I0404 16:14:08.019829 22961421632000 biobank_reconstruction_3d_new_loader_sampling.py:276] RECON ep 27 / step 17400 || mse: 0.0036095723044127226
I0404 16:14:36.602308 22961421632000 biobank_reconstruction_3d_new_loader_sampling.py:276] RECON ep 28 / step 17600 || mse: 0.003215482458472252
I0404 16:15:05.219479 22961421632000 biobank_reconstruction_3d_new_loader_sampling.py:276] RECON ep 28 / step 17800 || mse: 0.0031608082354068756
I0404 16:15:33.844002 22961421632000 biobank_reconstruction_3d_new_loader_sampling.py:276] RECON ep 28 / step 18000 || mse: 0.0028623207472264767
I0404 16:16:02.444985 22961421632000 biobank_reconstruction_3d_new_loader_sampling.py:276] RECON ep 29 / step 18200 || mse: 0.0026316698640584946
I0404 16:16:31.059184 22961421632000 biobank_reconstruction_3d_new_loader_sampling.py:276] RECON ep 29 / step 18400 || mse: 0.0024973677936941385
I0404 16:16:59.686557 22961421632000 biobank_reconstruction_3d_new_loader_sampling.py:276] RECON ep 29 / step 18600 || mse: 0.0023584712762385607
I0404 16:17:28.295737 22961421632000 biobank_reconstruction_3d_new_loader_sampling.py:276] RECON ep 30 / step 18800 || mse: 0.0023036105558276176
I0404 16:17:56.897660 22961421632000 biobank_reconstruction_3d_new_loader_sampling.py:276] RECON ep 30 / step 19000 || mse: 0.0022083923686295748
I0404 16:18:25.514674 22961421632000 biobank_reconstruction_3d_new_loader_sampling.py:276] RECON ep 30 / step 19200 || mse: 0.002125163096934557
I0404 16:18:54.426141 22961421632000 biobank_reconstruction_3d_new_loader_sampling.py:276] RECON ep 31 / step 19400 || mse: 0.0020303730852901936
I0404 16:19:23.011251 22961421632000 biobank_reconstruction_3d_new_loader_sampling.py:276] RECON ep 31 / step 19600 || mse: 0.0018763331463560462
I0404 16:19:51.603292 22961421632000 biobank_reconstruction_3d_new_loader_sampling.py:276] RECON ep 31 / step 19800 || mse: 0.0018017819384112954
I0404 16:20:20.201197 22961421632000 biobank_reconstruction_3d_new_loader_sampling.py:276] RECON ep 31 / step 20000 || mse: 0.001664891722612083
I0404 16:20:48.784824 22961421632000 biobank_reconstruction_3d_new_loader_sampling.py:276] RECON ep 32 / step 20200 || mse: 0.0016818636795505881
I0404 16:21:17.407825 22961421632000 biobank_reconstruction_3d_new_loader_sampling.py:276] RECON ep 32 / step 20400 || mse: 0.0016097344923764467
I0404 16:21:46.008687 22961421632000 biobank_reconstruction_3d_new_loader_sampling.py:276] RECON ep 32 / step 20600 || mse: 0.0015436079120263457
I0404 16:22:14.624893 22961421632000 biobank_reconstruction_3d_new_loader_sampling.py:276] RECON ep 33 / step 20800 || mse: 0.0014540289994329214
I0404 16:22:43.247747 22961421632000 biobank_reconstruction_3d_new_loader_sampling.py:276] RECON ep 33 / step 21000 || mse: 0.0015222550136968493
I0404 16:23:11.908292 22961421632000 biobank_reconstruction_3d_new_loader_sampling.py:276] RECON ep 33 / step 21200 || mse: 0.001449885661713779
I0404 16:23:40.502678 22961421632000 biobank_reconstruction_3d_new_loader_sampling.py:276] RECON ep 34 / step 21400 || mse: 0.0014725072542205453
I0404 16:24:09.132354 22961421632000 biobank_reconstruction_3d_new_loader_sampling.py:276] RECON ep 34 / step 21600 || mse: 0.001233210088685155
I0404 16:24:37.802758 22961421632000 biobank_reconstruction_3d_new_loader_sampling.py:276] RECON ep 34 / step 21800 || mse: 0.0013021118938922882
I0404 16:25:06.448188 22961421632000 biobank_reconstruction_3d_new_loader_sampling.py:276] RECON ep 35 / step 22000 || mse: 0.0014278703602030873
I0404 16:25:35.068692 22961421632000 biobank_reconstruction_3d_new_loader_sampling.py:276] RECON ep 35 / step 22200 || mse: 0.0011925315484404564
I0404 16:26:03.713997 22961421632000 biobank_reconstruction_3d_new_loader_sampling.py:276] RECON ep 35 / step 22400 || mse: 0.0013114885659888387
I0404 16:26:32.317780 22961421632000 biobank_reconstruction_3d_new_loader_sampling.py:276] RECON ep 36 / step 22600 || mse: 0.0011753569124266505
I0404 16:27:00.930190 22961421632000 biobank_reconstruction_3d_new_loader_sampling.py:276] RECON ep 36 / step 22800 || mse: 0.001204731990583241
I0404 16:27:29.532292 22961421632000 biobank_reconstruction_3d_new_loader_sampling.py:276] RECON ep 36 / step 23000 || mse: 0.0010836066212505102
I0404 16:27:58.495517 22961421632000 biobank_reconstruction_3d_new_loader_sampling.py:276] RECON ep 37 / step 23200 || mse: 0.0010839770548045635
I0404 16:28:27.113927 22961421632000 biobank_reconstruction_3d_new_loader_sampling.py:276] RECON ep 37 / step 23400 || mse: 0.0011881841346621513
I0404 16:28:55.795174 22961421632000 biobank_reconstruction_3d_new_loader_sampling.py:276] RECON ep 37 / step 23600 || mse: 0.0011538953986018896
I0404 16:29:24.423722 22961421632000 biobank_reconstruction_3d_new_loader_sampling.py:276] RECON ep 38 / step 23800 || mse: 0.0011501897824928164
I0404 16:29:53.053196 22961421632000 biobank_reconstruction_3d_new_loader_sampling.py:276] RECON ep 38 / step 24000 || mse: 0.0010716004762798548
I0404 16:30:21.689144 22961421632000 biobank_reconstruction_3d_new_loader_sampling.py:276] RECON ep 38 / step 24200 || mse: 0.000988104729913175
I0404 16:30:50.284952 22961421632000 biobank_reconstruction_3d_new_loader_sampling.py:276] RECON ep 39 / step 24400 || mse: 0.0009173580328933895
I0404 16:31:18.905322 22961421632000 biobank_reconstruction_3d_new_loader_sampling.py:276] RECON ep 39 / step 24600 || mse: 0.0010661882115527987
I0404 16:31:47.534383 22961421632000 biobank_reconstruction_3d_new_loader_sampling.py:276] RECON ep 39 / step 24800 || mse: 0.0009633262525312603
I0404 16:32:16.213537 22961421632000 biobank_reconstruction_3d_new_loader_sampling.py:276] RECON ep 39 / step 25000 || mse: 0.0009561841725371778
I0404 16:32:44.824847 22961421632000 biobank_reconstruction_3d_new_loader_sampling.py:276] RECON ep 40 / step 25200 || mse: 0.000978071941062808
I0404 16:33:13.470822 22961421632000 biobank_reconstruction_3d_new_loader_sampling.py:276] RECON ep 40 / step 25400 || mse: 0.0010018747998401523
I0404 16:33:42.091016 22961421632000 biobank_reconstruction_3d_new_loader_sampling.py:276] RECON ep 40 / step 25600 || mse: 0.0009317332878708839
I0404 16:34:10.694935 22961421632000 biobank_reconstruction_3d_new_loader_sampling.py:276] RECON ep 41 / step 25800 || mse: 0.0009032668895088136
I0404 16:34:39.286407 22961421632000 biobank_reconstruction_3d_new_loader_sampling.py:276] RECON ep 41 / step 26000 || mse: 0.000963880040217191
I0404 16:35:07.902099 22961421632000 biobank_reconstruction_3d_new_loader_sampling.py:276] RECON ep 41 / step 26200 || mse: 0.0009359248797409236
I0404 16:35:36.522800 22961421632000 biobank_reconstruction_3d_new_loader_sampling.py:276] RECON ep 42 / step 26400 || mse: 0.0008779584313742816
I0404 16:36:05.168558 22961421632000 biobank_reconstruction_3d_new_loader_sampling.py:276] RECON ep 42 / step 26600 || mse: 0.0008533791988156736
I0404 16:36:33.822167 22961421632000 biobank_reconstruction_3d_new_loader_sampling.py:276] RECON ep 42 / step 26800 || mse: 0.0007922099903225899
I0404 16:37:02.758773 22961421632000 biobank_reconstruction_3d_new_loader_sampling.py:276] RECON ep 43 / step 27000 || mse: 0.0008162847952917218
I0404 16:37:31.343850 22961421632000 biobank_reconstruction_3d_new_loader_sampling.py:276] RECON ep 43 / step 27200 || mse: 0.0007376866997219622
I0404 16:37:59.966310 22961421632000 biobank_reconstruction_3d_new_loader_sampling.py:276] RECON ep 43 / step 27400 || mse: 0.0007257014513015747
I0404 16:38:28.549569 22961421632000 biobank_reconstruction_3d_new_loader_sampling.py:276] RECON ep 44 / step 27600 || mse: 0.000774390937294811
I0404 16:38:57.165663 22961421632000 biobank_reconstruction_3d_new_loader_sampling.py:276] RECON ep 44 / step 27800 || mse: 0.0007457943866029382
I0404 16:39:25.769315 22961421632000 biobank_reconstruction_3d_new_loader_sampling.py:276] RECON ep 44 / step 28000 || mse: 0.0007268826593644917
I0404 16:39:54.362865 22961421632000 biobank_reconstruction_3d_new_loader_sampling.py:276] RECON ep 45 / step 28200 || mse: 0.0006794760120101273
I0404 16:40:22.977819 22961421632000 biobank_reconstruction_3d_new_loader_sampling.py:276] RECON ep 45 / step 28400 || mse: 0.0006679028738290071
I0404 16:40:51.587717 22961421632000 biobank_reconstruction_3d_new_loader_sampling.py:276] RECON ep 45 / step 28600 || mse: 0.0006568951648660004
I0404 16:41:20.184545 22961421632000 biobank_reconstruction_3d_new_loader_sampling.py:276] RECON ep 46 / step 28800 || mse: 0.0007414818974211812
I0404 16:41:48.775979 22961421632000 biobank_reconstruction_3d_new_loader_sampling.py:276] RECON ep 46 / step 29000 || mse: 0.0006334880599752069
I0404 16:42:17.382536 22961421632000 biobank_reconstruction_3d_new_loader_sampling.py:276] RECON ep 46 / step 29200 || mse: 0.000649959547445178
I0404 16:42:45.977112 22961421632000 biobank_reconstruction_3d_new_loader_sampling.py:276] RECON ep 47 / step 29400 || mse: 0.0006643490050919354
I0404 16:43:14.584580 22961421632000 biobank_reconstruction_3d_new_loader_sampling.py:276] RECON ep 47 / step 29600 || mse: 0.0006353019853122532
I0404 16:43:43.200753 22961421632000 biobank_reconstruction_3d_new_loader_sampling.py:276] RECON ep 47 / step 29800 || mse: 0.0006872914382256567
I0404 16:44:11.831297 22961421632000 biobank_reconstruction_3d_new_loader_sampling.py:276] RECON ep 47 / step 30000 || mse: 0.0006622133660130203
I0404 16:44:40.439637 22961421632000 biobank_reconstruction_3d_new_loader_sampling.py:276] RECON ep 48 / step 30200 || mse: 0.0006224969401955605
I0404 16:45:09.054608 22961421632000 biobank_reconstruction_3d_new_loader_sampling.py:276] RECON ep 48 / step 30400 || mse: 0.000597672420553863
I0404 16:45:37.675882 22961421632000 biobank_reconstruction_3d_new_loader_sampling.py:276] RECON ep 48 / step 30600 || mse: 0.0006700651138089597
I0404 16:46:06.284154 22961421632000 biobank_reconstruction_3d_new_loader_sampling.py:276] RECON ep 49 / step 30800 || mse: 0.0006742746918462217
I0404 16:46:35.209558 22961421632000 biobank_reconstruction_3d_new_loader_sampling.py:276] RECON ep 49 / step 31000 || mse: 0.0006305720889940858
I0404 16:47:03.832171 22961421632000 biobank_reconstruction_3d_new_loader_sampling.py:276] RECON ep 49 / step 31200 || mse: 0.0006280410452745855
I0404 16:47:32.422854 22961421632000 biobank_reconstruction_3d_new_loader_sampling.py:276] RECON ep 50 / step 31400 || mse: 0.0006048184004612267
I0404 16:48:01.037342 22961421632000 biobank_reconstruction_3d_new_loader_sampling.py:276] RECON ep 50 / step 31600 || mse: 0.0006412893417291343
I0404 16:48:29.638447 22961421632000 biobank_reconstruction_3d_new_loader_sampling.py:276] RECON ep 50 / step 31800 || mse: 0.0006110460381023586
I0404 16:48:58.267071 22961421632000 biobank_reconstruction_3d_new_loader_sampling.py:276] RECON ep 51 / step 32000 || mse: 0.27675676345825195
I0404 16:49:26.874042 22961421632000 biobank_reconstruction_3d_new_loader_sampling.py:276] RECON ep 51 / step 32200 || mse: 0.14923402667045593
I0404 16:49:55.519333 22961421632000 biobank_reconstruction_3d_new_loader_sampling.py:276] RECON ep 51 / step 32400 || mse: 0.10633440315723419
I0404 16:50:24.173270 22961421632000 biobank_reconstruction_3d_new_loader_sampling.py:276] RECON ep 52 / step 32600 || mse: 0.08981470763683319
I0404 16:50:52.810373 22961421632000 biobank_reconstruction_3d_new_loader_sampling.py:276] RECON ep 52 / step 32800 || mse: 0.07714881002902985
I0404 16:51:21.439481 22961421632000 biobank_reconstruction_3d_new_loader_sampling.py:276] RECON ep 52 / step 33000 || mse: 0.06813044846057892
I0404 16:51:50.042706 22961421632000 biobank_reconstruction_3d_new_loader_sampling.py:276] RECON ep 53 / step 33200 || mse: 0.06215411052107811
I0404 16:52:18.663512 22961421632000 biobank_reconstruction_3d_new_loader_sampling.py:276] RECON ep 53 / step 33400 || mse: 0.057628631591796875
I0404 16:52:47.283596 22961421632000 biobank_reconstruction_3d_new_loader_sampling.py:276] RECON ep 53 / step 33600 || mse: 0.05181053280830383
I0404 16:53:15.895612 22961421632000 biobank_reconstruction_3d_new_loader_sampling.py:276] RECON ep 54 / step 33800 || mse: 0.05029873922467232
I0404 16:53:44.541780 22961421632000 biobank_reconstruction_3d_new_loader_sampling.py:276] RECON ep 54 / step 34000 || mse: 0.04621820151805878
I0404 16:54:13.161529 22961421632000 biobank_reconstruction_3d_new_loader_sampling.py:276] RECON ep 54 / step 34200 || mse: 0.04230773448944092
I0404 16:54:41.773650 22961421632000 biobank_reconstruction_3d_new_loader_sampling.py:276] RECON ep 55 / step 34400 || mse: 0.04251287505030632
I0404 16:55:10.427300 22961421632000 biobank_reconstruction_3d_new_loader_sampling.py:276] RECON ep 55 / step 34600 || mse: 0.03845687583088875
I0404 16:55:39.389628 22961421632000 biobank_reconstruction_3d_new_loader_sampling.py:276] RECON ep 55 / step 34800 || mse: 0.036776673048734665
I0404 16:56:08.026197 22961421632000 biobank_reconstruction_3d_new_loader_sampling.py:276] RECON ep 55 / step 35000 || mse: 0.03407291695475578
I0404 16:56:36.620876 22961421632000 biobank_reconstruction_3d_new_loader_sampling.py:276] RECON ep 56 / step 35200 || mse: 0.03210925683379173
I0404 16:57:05.234022 22961421632000 biobank_reconstruction_3d_new_loader_sampling.py:276] RECON ep 56 / step 35400 || mse: 0.03309605270624161
I0404 16:57:33.854439 22961421632000 biobank_reconstruction_3d_new_loader_sampling.py:276] RECON ep 56 / step 35600 || mse: 0.03088945709168911
I0404 16:58:02.466508 22961421632000 biobank_reconstruction_3d_new_loader_sampling.py:276] RECON ep 57 / step 35800 || mse: 0.02872456982731819
I0404 16:58:31.103627 22961421632000 biobank_reconstruction_3d_new_loader_sampling.py:276] RECON ep 57 / step 36000 || mse: 0.028688767924904823
I0404 16:58:59.766802 22961421632000 biobank_reconstruction_3d_new_loader_sampling.py:276] RECON ep 57 / step 36200 || mse: 0.025932032614946365
I0404 16:59:28.373655 22961421632000 biobank_reconstruction_3d_new_loader_sampling.py:276] RECON ep 58 / step 36400 || mse: 0.024702711030840874
I0404 16:59:56.981477 22961421632000 biobank_reconstruction_3d_new_loader_sampling.py:276] RECON ep 58 / step 36600 || mse: 0.02204633317887783
I0404 17:00:25.618999 22961421632000 biobank_reconstruction_3d_new_loader_sampling.py:276] RECON ep 58 / step 36800 || mse: 0.021329442039132118
I0404 17:00:54.231592 22961421632000 biobank_reconstruction_3d_new_loader_sampling.py:276] RECON ep 59 / step 37000 || mse: 0.0203081127256155
I0404 17:01:22.876570 22961421632000 biobank_reconstruction_3d_new_loader_sampling.py:276] RECON ep 59 / step 37200 || mse: 0.02144879661500454
srun: Job step aborted: Waiting up to 32 seconds for job step to finish.
slurmstepd: error: *** JOB 10979245 ON gcn128 CANCELLED AT 2025-04-04T17:01:42 DUE TO TIME LIMIT ***
slurmstepd: error: *** STEP 10979245.0 ON gcn128 CANCELLED AT 2025-04-04T17:01:42 DUE TO TIME LIMIT ***

JOB STATISTICS
==============
Job ID: 10979245
Cluster: snellius
User/Group: jwiers/jwiers
State: TIMEOUT (exit code 0)
Nodes: 1
Cores per node: 16
CPU Utilized: 01:28:30
CPU Efficiency: 6.13% of 1-00:03:28 core-walltime
Job Wall-clock time: 01:30:13
Memory Utilized: 3.96 GB
Memory Efficiency: 2.20% of 180.00 GB (180.00 GB/node)
